1000 2.0 0.07
2000 2.0 0.16
3000 2.5 0.18
4000 2.5 0.36
5000 2.85714285714 0.56
6000 2.5 0.34
7000 2.6 0.62
8000 2.39285714286 4.3
9000 2.31578947368 0.87
10000 2.8 1.04
11000 2.8 0.59
12000 2.51428571429 1.4
13000 3.28571428571 1.22
14000 3.6 1.22
15000 3.6 1.0
16000 3.6 1.09
17000 3.53846153846 1.77
18000 2.82352941176 2.59
19000 2.84210526316 3.13
20000 2.95652173913 4.59
21000 3.0 4.74
22000 3.0 4.43
23000 2.95652173913 5.29
24000 3.2 4.44
25000 2.8 6.56
26000 2.5 15.64
27000 3.0 2.23
28000 3.23076923077 2.23
29000 3.33333333333 2.54
30000 2.76923076923 5.98
31000 3.77777777778 1.92
32000 2.58823529412 2.64
33000 2.5 2.37
34000 3.0 2.83
35000 3.0 2.79
36000 2.60869565217 3.63
37000 3.0 2.88
38000 3.0 2.85
39000 3.0 3.3
40000 3.16666666667 6.34
41000 2.58333333333 6.57
42000 2.95238095238 5.29
43000 2.8 6.75
44000 2.84615384615 9.96
45000 2.84615384615 8.21
46000 2.85714285714 9.27
47000 2.28571428571 12.03
48000 3.33333333333 3.87
49000 3.16666666667 12.08
50000 3.06666666667 7.11
51000 2.38461538462 18.55
52000 3.77777777778 4.32
53000 2.50909090909 4.82
54000 3.0 29.35
55000 2.625 38.39
56000 2.48275862069 16.06
57000 3.25 7.37
58000 2.39436619718 18.32
59000 2.69565217391 39.82
60000 2.55555555556 21.09
61000 2.53571428571 28.23
62000 2.27118644068 38.1
63000 2.64864864865 24.7
64000 2.66666666667 29.01
65000 2.21428571429 27.61
66000 2.2641509434 19.3
67000 2.5 23.98
68000 2.75 6.28
69000 2.64516129032 8.32
70000 3.07692307692 7.74
71000 2.53968253968 9.05
72000 2.78787878788 12.32
73000 3.42857142857 10.9
74000 3.33333333333 11.45
75000 2.85 51.18
76000 2.81818181818 18.13
77000 3.42857142857 28.93
78000 2.88888888889 17.88
79000 3.33333333333 22.26
80000 3.28571428571 16.94
81000 2.88888888889 19.62
82000 3.42857142857 17.82
83000 2.88888888889 24.62
84000 2.70769230769 23.25
85000 3.33333333333 22.58
86000 3.33333333333 22.26
87000 3.0 33.86
88000 3.5 28.08
89000 3.23076923077 38.22
90000 3.5 29.25
91000 3.33333333333 25.47
92000 3.5 25.87
93000 3.0 37.14
94000 2.88888888889 35.37
95000 3.15789473684 32.76
96000 3.5 36.65
97000 3.15789473684 35.71
98000 3.42857142857 33.08
99000 3.05882352941 27.78
100000 3.6 71.34
101000 3.17647058824 40.83
102000 3.23076923077 42.83
103000 3.15789473684 34.33
104000 4.0 113.63
105000 3.23076923077 43.92
106000 3.0 46.27
107000 3.33333333333 119.0
108000 3.75 127.92
109000 4.0 146.33
110000 4.0 153.47
