000 (1310.000.000) 10/23 14:06:39 Job submitted from host: <130.233.179.241:33585>
...
001 (1310.000.000) 10/23 14:06:39 Job executing on host: <130.233.179.31:33674>
...
006 (1310.000.000) 10/23 14:06:48 Image size of job updated: 48372
	48  -  MemoryUsage of job (MB)
	48372  -  ResidentSetSize of job (KB)
...
006 (1310.000.000) 10/23 14:11:49 Image size of job updated: 75176
	74  -  MemoryUsage of job (MB)
	75176  -  ResidentSetSize of job (KB)
...
006 (1310.000.000) 10/23 14:16:49 Image size of job updated: 100616
	99  -  MemoryUsage of job (MB)
	100616  -  ResidentSetSize of job (KB)
...
006 (1310.000.000) 10/23 14:21:49 Image size of job updated: 123180
	121  -  MemoryUsage of job (MB)
	123180  -  ResidentSetSize of job (KB)
...
006 (1310.000.000) 10/23 14:26:50 Image size of job updated: 125052
	123  -  MemoryUsage of job (MB)
	125052  -  ResidentSetSize of job (KB)
...
006 (1310.000.000) 10/23 14:31:50 Image size of job updated: 129416
	127  -  MemoryUsage of job (MB)
	129416  -  ResidentSetSize of job (KB)
...
006 (1310.000.000) 10/23 14:36:50 Image size of job updated: 129772
	127  -  MemoryUsage of job (MB)
	129772  -  ResidentSetSize of job (KB)
...
006 (1310.000.000) 10/23 14:41:51 Image size of job updated: 131120
	129  -  MemoryUsage of job (MB)
	131120  -  ResidentSetSize of job (KB)
...
006 (1310.000.000) 10/23 14:56:53 Image size of job updated: 133840
	131  -  MemoryUsage of job (MB)
	133840  -  ResidentSetSize of job (KB)
...
006 (1310.000.000) 10/23 15:01:54 Image size of job updated: 136848
	134  -  MemoryUsage of job (MB)
	136848  -  ResidentSetSize of job (KB)
...
006 (1310.000.000) 10/23 15:06:54 Image size of job updated: 140572
	138  -  MemoryUsage of job (MB)
	140572  -  ResidentSetSize of job (KB)
...
006 (1310.000.000) 10/23 15:11:55 Image size of job updated: 147732
	145  -  MemoryUsage of job (MB)
	147732  -  ResidentSetSize of job (KB)
...
006 (1310.000.000) 10/23 15:16:56 Image size of job updated: 157120
	154  -  MemoryUsage of job (MB)
	157120  -  ResidentSetSize of job (KB)
...
006 (1310.000.000) 10/23 15:36:57 Image size of job updated: 157292
	154  -  MemoryUsage of job (MB)
	157292  -  ResidentSetSize of job (KB)
...
006 (1310.000.000) 10/23 15:51:59 Image size of job updated: 161472
	158  -  MemoryUsage of job (MB)
	161472  -  ResidentSetSize of job (KB)
...
006 (1310.000.000) 10/23 16:02:00 Image size of job updated: 164332
	161  -  MemoryUsage of job (MB)
	164332  -  ResidentSetSize of job (KB)
...
006 (1310.000.000) 10/23 16:17:01 Image size of job updated: 165496
	162  -  MemoryUsage of job (MB)
	165496  -  ResidentSetSize of job (KB)
...
006 (1310.000.000) 10/23 16:52:04 Image size of job updated: 165700
	162  -  MemoryUsage of job (MB)
	165700  -  ResidentSetSize of job (KB)
...
006 (1310.000.000) 10/23 17:02:06 Image size of job updated: 165772
	162  -  MemoryUsage of job (MB)
	165772  -  ResidentSetSize of job (KB)
...
006 (1310.000.000) 10/23 17:42:10 Image size of job updated: 168304
	165  -  MemoryUsage of job (MB)
	168304  -  ResidentSetSize of job (KB)
...
006 (1310.000.000) 10/23 18:42:17 Image size of job updated: 169936
	166  -  MemoryUsage of job (MB)
	169936  -  ResidentSetSize of job (KB)
...
006 (1310.000.000) 10/23 20:07:25 Image size of job updated: 171896
	168  -  MemoryUsage of job (MB)
	171896  -  ResidentSetSize of job (KB)
...
006 (1310.000.000) 10/23 20:37:29 Image size of job updated: 172064
	169  -  MemoryUsage of job (MB)
	172064  -  ResidentSetSize of job (KB)
...
006 (1310.000.000) 10/23 20:47:31 Image size of job updated: 174756
	171  -  MemoryUsage of job (MB)
	174756  -  ResidentSetSize of job (KB)
...
006 (1310.000.000) 10/23 21:27:35 Image size of job updated: 189228
	185  -  MemoryUsage of job (MB)
	189228  -  ResidentSetSize of job (KB)
...
006 (1310.000.000) 10/24 04:03:15 Image size of job updated: 192388
	188  -  MemoryUsage of job (MB)
	192388  -  ResidentSetSize of job (KB)
...
006 (1310.000.000) 10/24 05:23:24 Image size of job updated: 195272
	191  -  MemoryUsage of job (MB)
	195272  -  ResidentSetSize of job (KB)
...
006 (1310.000.000) 10/24 08:38:43 Image size of job updated: 199940
	196  -  MemoryUsage of job (MB)
	199940  -  ResidentSetSize of job (KB)
...
006 (1310.000.000) 10/24 10:23:55 Image size of job updated: 201044
	197  -  MemoryUsage of job (MB)
	201044  -  ResidentSetSize of job (KB)
...
006 (1310.000.000) 10/24 13:19:15 Image size of job updated: 201752
	198  -  MemoryUsage of job (MB)
	201752  -  ResidentSetSize of job (KB)
...
006 (1310.000.000) 10/24 14:14:20 Image size of job updated: 202620
	198  -  MemoryUsage of job (MB)
	202620  -  ResidentSetSize of job (KB)
...
006 (1310.000.000) 10/24 15:44:29 Image size of job updated: 206668
	202  -  MemoryUsage of job (MB)
	206668  -  ResidentSetSize of job (KB)
...
006 (1310.000.000) 10/24 16:34:35 Image size of job updated: 207900
	204  -  MemoryUsage of job (MB)
	207900  -  ResidentSetSize of job (KB)
...
006 (1310.000.000) 10/24 17:39:43 Image size of job updated: 207944
	204  -  MemoryUsage of job (MB)
	207944  -  ResidentSetSize of job (KB)
...
006 (1310.000.000) 10/24 20:15:00 Image size of job updated: 208148
	204  -  MemoryUsage of job (MB)
	208148  -  ResidentSetSize of job (KB)
...
006 (1310.000.000) 10/24 21:30:06 Image size of job updated: 209740
	205  -  MemoryUsage of job (MB)
	209740  -  ResidentSetSize of job (KB)
...
006 (1310.000.000) 10/24 23:40:19 Image size of job updated: 213628
	209  -  MemoryUsage of job (MB)
	213628  -  ResidentSetSize of job (KB)
...
006 (1310.000.000) 10/25 07:56:09 Image size of job updated: 214300
	210  -  MemoryUsage of job (MB)
	214300  -  ResidentSetSize of job (KB)
...
006 (1310.000.000) 10/25 09:16:19 Image size of job updated: 226368
	222  -  MemoryUsage of job (MB)
	226368  -  ResidentSetSize of job (KB)
...
006 (1310.000.000) 10/25 10:41:28 Image size of job updated: 226796
	222  -  MemoryUsage of job (MB)
	226796  -  ResidentSetSize of job (KB)
...
006 (1310.000.000) 10/25 12:56:41 Image size of job updated: 228148
	223  -  MemoryUsage of job (MB)
	228148  -  ResidentSetSize of job (KB)
...
006 (1310.000.000) 10/25 15:01:54 Image size of job updated: 228508
	224  -  MemoryUsage of job (MB)
	228508  -  ResidentSetSize of job (KB)
...
006 (1310.000.000) 10/25 16:57:05 Image size of job updated: 236156
	231  -  MemoryUsage of job (MB)
	236156  -  ResidentSetSize of job (KB)
...
006 (1310.000.000) 10/26 08:08:43 Image size of job updated: 241308
	236  -  MemoryUsage of job (MB)
	241308  -  ResidentSetSize of job (KB)
...
006 (1310.000.000) 10/26 23:15:18 Image size of job updated: 242104
	237  -  MemoryUsage of job (MB)
	242104  -  ResidentSetSize of job (KB)
...
006 (1310.000.000) 10/29 07:32:45 Image size of job updated: 408856
	237  -  MemoryUsage of job (MB)
	242104  -  ResidentSetSize of job (KB)
...
005 (1310.000.000) 10/29 07:32:45 Job terminated.
	(1) Normal termination (return value 0)
		Usr 5 18:23:37, Sys 0 00:02:26  -  Run Remote Usage
		Usr 0 00:00:00, Sys 0 00:00:00  -  Run Local Usage
		Usr 5 18:23:37, Sys 0 00:02:26  -  Total Remote Usage
		Usr 0 00:00:00, Sys 0 00:00:00  -  Total Local Usage
	0  -  Run Bytes Sent By Job
	0  -  Run Bytes Received By Job
	0  -  Total Bytes Sent By Job
	0  -  Total Bytes Received By Job
	Partitionable Resources :    Usage  Request Allocated
	   Cpus                 :                 1         1
	   Disk (KB)            :        1        1    152701
	   Memory (MB)          :      237     1024      1024
...
