000 (1308.000.000) 10/23 14:06:39 Job submitted from host: <130.233.179.241:33585>
...
001 (1308.000.000) 10/23 14:06:39 Job executing on host: <130.233.179.31:33674>
...
006 (1308.000.000) 10/23 14:06:48 Image size of job updated: 48740
	48  -  MemoryUsage of job (MB)
	48740  -  ResidentSetSize of job (KB)
...
006 (1308.000.000) 10/23 14:11:49 Image size of job updated: 76476
	75  -  MemoryUsage of job (MB)
	76476  -  ResidentSetSize of job (KB)
...
006 (1308.000.000) 10/23 14:16:49 Image size of job updated: 154392
	151  -  MemoryUsage of job (MB)
	154392  -  ResidentSetSize of job (KB)
...
006 (1308.000.000) 10/23 14:21:49 Image size of job updated: 188896
	185  -  MemoryUsage of job (MB)
	188896  -  ResidentSetSize of job (KB)
...
006 (1308.000.000) 10/23 14:26:50 Image size of job updated: 204088
	200  -  MemoryUsage of job (MB)
	204088  -  ResidentSetSize of job (KB)
...
006 (1308.000.000) 10/23 14:31:51 Image size of job updated: 212356
	208  -  MemoryUsage of job (MB)
	212356  -  ResidentSetSize of job (KB)
...
006 (1308.000.000) 10/23 14:36:51 Image size of job updated: 230668
	226  -  MemoryUsage of job (MB)
	230668  -  ResidentSetSize of job (KB)
...
006 (1308.000.000) 10/23 14:41:51 Image size of job updated: 239084
	234  -  MemoryUsage of job (MB)
	239084  -  ResidentSetSize of job (KB)
...
006 (1308.000.000) 10/23 14:46:52 Image size of job updated: 240284
	235  -  MemoryUsage of job (MB)
	240284  -  ResidentSetSize of job (KB)
...
006 (1308.000.000) 10/23 14:51:52 Image size of job updated: 245920
	241  -  MemoryUsage of job (MB)
	245920  -  ResidentSetSize of job (KB)
...
005 (1308.000.000) 10/23 14:53:17 Job terminated.
	(1) Normal termination (return value 0)
		Usr 0 00:46:37, Sys 0 00:00:00  -  Run Remote Usage
		Usr 0 00:00:00, Sys 0 00:00:00  -  Run Local Usage
		Usr 0 00:46:37, Sys 0 00:00:00  -  Total Remote Usage
		Usr 0 00:00:00, Sys 0 00:00:00  -  Total Local Usage
	0  -  Run Bytes Sent By Job
	0  -  Run Bytes Received By Job
	0  -  Total Bytes Sent By Job
	0  -  Total Bytes Received By Job
	Partitionable Resources :    Usage  Request Allocated
	   Cpus                 :                 1         1
	   Disk (KB)            :        1        1    152701
	   Memory (MB)          :      241     1024      1024
...
