1000 2.0 0.11
2000 2.0 0.24
3000 2.5 0.27
4000 2.66666666667 0.38
5000 2.46153846154 0.97
6000 2.5 0.55
7000 2.34482758621 1.09
8000 2.66666666667 2.87
9000 2.5 1.37
10000 2.75 1.38
11000 2.8 0.95
12000 2.92307692308 1.73
13000 3.11111111111 1.85
14000 3.5 1.56
15000 3.6 1.84
16000 3.6 1.86
17000 3.42857142857 2.44
18000 3.55555555556 3.05
19000 3.63636363636 3.23
20000 3.0 3.45
21000 2.8 4.01
22000 3.33333333333 3.99
23000 3.6 4.49
24000 2.47058823529 4.7
25000 3.0 5.19
26000 3.11111111111 7.84
27000 2.90909090909 3.7
28000 3.17647058824 3.64
29000 3.2 3.73
30000 3.5 5.68
31000 3.66666666667 3.53
32000 2.6 4.86
33000 2.9 4.26
34000 2.60869565217 4.75
35000 3.33333333333 4.29
36000 2.64 4.87
37000 3.0 4.56
38000 2.78260869565 4.97
39000 2.83333333333 5.08
40000 3.38461538462 6.65
41000 3.33333333333 7.7
42000 3.2 6.2
43000 3.33333333333 8.39
44000 2.60606060606 8.32
45000 2.60606060606 8.51
46000 2.77272727273 9.22
47000 3.0 8.78
48000 3.0 6.06
49000 2.76923076923 10.3
50000 3.27272727273 8.09
51000 2.29411764706 12.66
52000 3.0 6.6
53000 3.05882352941 6.79
54000 2.30769230769 20.17
55000 2.71428571429 20.66
56000 2.5625 12.66
57000 2.83333333333 9.48
58000 2.32258064516 13.51
59000 2.66666666667 20.11
60000 2.54237288136 16.0
61000 2.66666666667 21.33
62000 2.54545454545 20.94
63000 2.33333333333 15.11
64000 2.64705882353 17.44
65000 2.44444444444 16.28
66000 2.46153846154 14.78
67000 2.53333333333 16.26
68000 2.64285714286 9.72
69000 2.75 10.52
70000 2.5 9.53
71000 2.55319148936 10.8
72000 3.45454545455 10.4
73000 3.4 11.97
74000 3.5 12.26
75000 3.25 25.23
76000 2.86956521739 16.22
77000 2.72222222222 20.23
78000 3.33333333333 15.72
79000 2.88888888889 17.37
80000 2.88888888889 15.9
81000 3.33333333333 16.47
82000 3.33333333333 15.25
83000 2.76923076923 18.95
84000 3.5 17.53
85000 3.5 18.12
86000 2.90322580645 19.38
87000 3.6 21.38
88000 3.33333333333 19.99
89000 3.42857142857 22.36
90000 3.33333333333 20.32
91000 2.82352941176 20.36
92000 3.77777777778 19.98
93000 2.75 25.19
94000 3.33333333333 22.52
95000 3.33333333333 22.41
96000 2.83870967742 24.1
97000 2.83870967742 24.45
98000 3.42857142857 22.86
99000 3.33333333333 21.02
100000 3.33333333333 33.65
101000 3.33333333333 24.51
102000 3.55555555556 25.59
103000 2.65573770492 27.18
104000 3.33333333333 41.01
105000 3.5 26.2
106000 3.42857142857 34.1
107000 2.66666666667 41.47
108000 3.0 44.45
109000 2.66666666667 47.5
110000 2.66666666667 48.66
