1000 2.0 0.05
2000 2.0 0.15
3000 2.5 0.15
4000 2.5 0.33
5000 2.85714285714 0.5
6000 2.5 0.3
7000 2.6 0.54
8000 2.39285714286 4.57
9000 2.31578947368 0.72
10000 2.8 0.94
11000 2.8 0.51
12000 2.51428571429 1.23
13000 3.28571428571 1.08
14000 3.6 1.07
15000 3.6 0.93
16000 3.6 0.93
17000 3.53846153846 1.72
18000 2.82352941176 2.49
19000 2.84210526316 2.82
20000 2.95652173913 4.08
21000 3.0 3.82
22000 3.0 3.51
23000 2.95652173913 4.27
24000 3.2 3.8
25000 2.8 6.08
26000 2.5 13.63
27000 3.0 2.14
28000 3.23076923077 2.16
29000 3.33333333333 2.31
30000 2.76923076923 5.48
31000 3.77777777778 1.87
32000 2.58823529412 2.56
33000 2.5 2.3
34000 3.0 2.8
35000 3.0 2.66
36000 2.60869565217 3.33
37000 3.0 2.71
38000 3.0 2.73
39000 3.0 3.12
40000 3.16666666667 6.02
41000 2.58333333333 5.47
42000 2.95238095238 4.77
43000 2.8 5.62
44000 2.84615384615 7.14
45000 2.84615384615 6.98
46000 2.85714285714 8.1
47000 2.28571428571 9.18
48000 3.33333333333 3.94
49000 3.16666666667 9.27
50000 3.06666666667 6.48
51000 2.38461538462 14.4
52000 3.77777777778 4.31
53000 2.50909090909 5.28
54000 3.0 22.06
55000 2.625 28.65
56000 2.48275862069 12.67
57000 3.25 7.15
58000 2.39436619718 15.24
59000 2.69565217391 28.01
60000 2.55555555556 17.87
61000 2.53571428571 21.92
62000 2.27118644068 29.15
63000 2.64864864865 17.85
64000 2.66666666667 20.85
65000 2.21428571429 20.74
66000 2.2641509434 16.21
67000 2.5 17.55
68000 2.75 6.1
69000 2.64516129032 8.55
70000 3.07692307692 6.69
71000 2.53968253968 9.79
72000 2.78787878788 12.32
73000 3.42857142857 9.11
74000 3.33333333333 9.53
75000 2.85 35.35
76000 2.81818181818 13.92
77000 3.42857142857 21.28
78000 2.88888888889 15.24
79000 3.33333333333 17.29
80000 3.28571428571 13.12
81000 2.88888888889 14.79
82000 3.42857142857 14.01
83000 2.88888888889 18.25
84000 2.70769230769 18.61
85000 3.33333333333 17.28
86000 3.33333333333 17.02
87000 3.0 24.91
88000 3.5 21.28
89000 3.23076923077 26.85
90000 3.5 20.57
91000 3.33333333333 18.47
92000 3.5 18.8
93000 3.0 25.79
94000 2.88888888889 25.42
95000 3.15789473684 24.1
96000 3.5 25.49
97000 3.15789473684 24.92
98000 3.42857142857 25.92
99000 3.05882352941 20.27
100000 3.6 44.6
101000 3.17647058824 28.21
102000 3.23076923077 28.5
103000 3.15789473684 24.95
104000 4.0 67.13
105000 3.23076923077 30.51
106000 3.0 30.18
107000 3.33333333333 62.42
108000 3.75 78.11
109000 4.0 91.92
110000 4.0 93.29
