1000 2.0 0.08
2000 2.0 0.21
3000 2.5 0.24
4000 2.66666666667 0.39
5000 2.46153846154 3.17
6000 2.5 0.44
7000 2.34482758621 2.9
8000 2.66666666667 75.34
9000 2.5 4.07
10000 2.75 5.49
11000 2.8 1.61
12000 2.92307692308 10.24
13000 3.11111111111 9.26
14000 3.5 2.66
15000 3.6 4.2
16000 3.6 4.52
17000 3.42857142857 20.95
18000 3.55555555556 70.52
19000 3.63636363636 92.47
20000 3.0 124.38
21000 2.8 170.55
22000 3.33333333333 149.52
23000 3.6 194.01
24000 2.47058823529 166.4
25000 3.0 335.13
26000 3.11111111111 890.69
27000 2.90909090909 44.97
28000 3.17647058824 43.07
29000 3.2 70.95
30000 3.5 310.89
31000 3.66666666667 24.88
32000 2.6 86.41
33000 2.9 68.43
34000 2.60869565217 107.46
35000 3.33333333333 87.98
36000 2.64 106.59
37000 3.0 92.02
38000 2.78260869565 112.14
39000 2.83333333333 130.85
40000 3.38461538462 328.18
41000 3.33333333333 366.36
42000 3.2 298.44
43000 3.33333333333 439.45
44000 2.60606060606 642.01
45000 2.60606060606 630.83
46000 2.77272727273 704.19
47000 3.0 931.59
48000 3.0 204.33
49000 2.76923076923 1171.37
50000 3.27272727273 556.53
51000 2.29411764706 1901.57
52000 3.0 284.88
53000 3.05882352941 248.32
54000 2.30769230769 3380.17
55000 2.71428571429 5128.59
56000 2.5625 1757.49
57000 2.83333333333 746.63
58000 2.32258064516 2438.4
59000 2.66666666667 6037.72
60000 2.54237288136 2993.97
61000 2.66666666667 4596.19
62000 2.54545454545 5981.04
63000 2.33333333333 3937.7
64000 2.64705882353 4913.23
65000 2.44444444444 4025.73
66000 2.46153846154 3068.28
67000 2.53333333333 4010.07
68000 2.64285714286 621.09
69000 2.75 787.09
70000 2.5 761.14
71000 2.55319148936 615.54
72000 3.45454545455 928.9
73000 3.4 1565.44
74000 3.5 1671.97
75000 3.25 10491.74
76000 2.86956521739 3177.93
77000 2.72222222222 5498.14
78000 3.33333333333 2847.26
79000 2.88888888889 3914.06
80000 2.88888888889 2911.25
81000 3.33333333333 3308.46
82000 3.33333333333 3080.72
83000 2.76923076923 4501.84
84000 3.5 3771.29
85000 3.5 4022.36
86000 2.90322580645 3975.87
87000 3.6 6835.56
88000 3.33333333333 5353.25
89000 3.42857142857 7889.52
90000 3.33333333333 5588.65
91000 2.82352941176 4974.11
92000 3.77777777778 4831.09
93000 2.75 8231.42
94000 3.33333333333 7474.65
95000 3.33333333333 6801.91
96000 2.83870967742 7619.23
97000 2.83870967742 7965.21
98000 3.42857142857 7179.72
99000 3.33333333333 5866.72
100000 3.33333333333 19861.94
101000 3.33333333333 9757.94
102000 3.55555555556 10490.98
103000 2.65573770492 7917.17
104000 3.33333333333 35786.05
105000 3.5 11093.12
106000 3.42857142857 11934.3
107000 2.66666666667 32420.33
108000 3.0 42083.44
109000 2.66666666667 50521.07
110000 2.66666666667 54295.23
