000 (1309.000.000) 10/23 14:06:39 Job submitted from host: <130.233.179.241:33585>
...
001 (1309.000.000) 10/23 14:06:39 Job executing on host: <130.233.179.219:58884>
...
006 (1309.000.000) 10/23 14:06:48 Image size of job updated: 48080
	47  -  MemoryUsage of job (MB)
	48080  -  ResidentSetSize of job (KB)
...
006 (1309.000.000) 10/23 14:11:49 Image size of job updated: 71964
	71  -  MemoryUsage of job (MB)
	71964  -  ResidentSetSize of job (KB)
...
006 (1309.000.000) 10/23 14:16:49 Image size of job updated: 80712
	79  -  MemoryUsage of job (MB)
	80712  -  ResidentSetSize of job (KB)
...
006 (1309.000.000) 10/23 14:21:49 Image size of job updated: 158516
	155  -  MemoryUsage of job (MB)
	158516  -  ResidentSetSize of job (KB)
...
006 (1309.000.000) 10/23 14:26:50 Image size of job updated: 193372
	189  -  MemoryUsage of job (MB)
	193372  -  ResidentSetSize of job (KB)
...
006 (1309.000.000) 10/23 14:31:51 Image size of job updated: 210892
	206  -  MemoryUsage of job (MB)
	210892  -  ResidentSetSize of job (KB)
...
006 (1309.000.000) 10/23 14:36:51 Image size of job updated: 227892
	223  -  MemoryUsage of job (MB)
	227892  -  ResidentSetSize of job (KB)
...
006 (1309.000.000) 10/23 14:41:51 Image size of job updated: 242788
	238  -  MemoryUsage of job (MB)
	242788  -  ResidentSetSize of job (KB)
...
006 (1309.000.000) 10/23 14:43:12 Image size of job updated: 409548
	238  -  MemoryUsage of job (MB)
	242788  -  ResidentSetSize of job (KB)
...
005 (1309.000.000) 10/23 14:43:12 Job terminated.
	(1) Normal termination (return value 0)
		Usr 0 00:36:32, Sys 0 00:00:00  -  Run Remote Usage
		Usr 0 00:00:00, Sys 0 00:00:00  -  Run Local Usage
		Usr 0 00:36:32, Sys 0 00:00:00  -  Total Remote Usage
		Usr 0 00:00:00, Sys 0 00:00:00  -  Total Local Usage
	0  -  Run Bytes Sent By Job
	0  -  Run Bytes Received By Job
	0  -  Total Bytes Sent By Job
	0  -  Total Bytes Received By Job
	Partitionable Resources :    Usage  Request Allocated
	   Cpus                 :                 1         1
	   Disk (KB)            :        1        1    198871
	   Memory (MB)          :      238     1024      1024
...
