1000 2.54545454545 0.0500000000001
2000 2.53333333333 0.16
3000 3.15789473684 0.17
4000 3.14285714286 0.53
5000 3.46153846154 1.03
6000 3.41666666667 0.93
7000 3.40909090909 1.42
8000 4.0 1.57
9000 4.0 1.93
10000 4.0 1.78
11000 4.0 6.41
12000 3.85714285714 6.82
13000 3.68421052632 9.46
14000 3.75 7.04
15000 3.66666666667 8.3
16000 4.44444444444 8.38
17000 4.6 8.4
18000 3.66666666667 8.68
19000 4.0 8.52
20000 3.66666666667 10.18
21000 4.0 11.56
22000 4.0 15.88
23000 4.0 18.02
24000 3.85714285714 16.01
25000 3.85714285714 20.27
26000 5.25 20.26
27000 5.25 16.49
28000 5.25 24.3
29000 5.25 15.51
30000 5.25 14.97
31000 5.25 16.23
32000 5.25 16.84
33000 5.25 20.26
34000 5.25 20.68
35000 5.05263157895 30.26
36000 5.33333333333 20.81
37000 5.25 34.2
38000 5.33333333333 21.74
39000 5.33333333333 36.04
40000 5.33333333333 18.67
41000 5.25 27.28
42000 5.33333333333 23.0
43000 5.33333333333 17.67
44000 5.33333333333 20.52
45000 5.33333333333 20.11
46000 5.33333333333 19.96
47000 3.58974358974 27.49
48000 5.33333333333 24.41
49000 5.33333333333 34.54
50000 3.62162162162 36.88
51000 3.62162162162 34.96
52000 3.05263157895 34.49
53000 3.03389830508 39.09
54000 3.6 41.98
55000 3.6 43.74
56000 4.0 36.82
57000 3.68421052632 36.75
58000 3.25 51.56
59000 3.46153846154 37.29
60000 3.38461538462 46.41
61000 3.24324324324 53.52
62000 3.46153846154 39.53
63000 3.46153846154 40.32
64000 4.19047619048 49.06
65000 3.23076923077 60.89
66000 3.27419354839 73.68
67000 5.63636363636 51.41
68000 3.34020618557 60.16
69000 5.82608695652 54.88
70000 5.82608695652 57.79
71000 3.47826086957 52.3
72000 3.35632183908 61.38
73000 3.35632183908 57.44
74000 3.36 57.64
75000 5.82608695652 60.88
76000 5.82608695652 50.41
77000 5.82608695652 54.51
78000 3.44680851064 60.27
79000 4.26666666667 52.2
80000 4.26666666667 53.74
81000 4.26666666667 60.45
82000 4.26666666667 61.85
83000 4.26666666667 62.95
84000 4.26666666667 65.11
85000 4.5 68.08
86000 4.9 73.51
87000 4.26666666667 66.63
88000 5.5 88.75
89000 4.26666666667 76.86
90000 4.5 89.62
91000 4.28571428571 62.57
92000 4.5 66.44
93000 4.5 69.38
94000 4.5 68.42
95000 4.26666666667 70.23
96000 4.5 70.3
97000 3.74468085106 77.78
98000 5.02857142857 92.48
99000 5.52941176471 87.23
100000 5.02857142857 92.76
101000 3.6231884058 115.28
102000 5.31707317073 104.6
103000 5.31707317073 107.32
104000 4.92307692308 108.72
105000 5.31707317073 114.58
106000 5.31707317073 116.1
107000 5.29032258065 124.13
108000 5.0 129.79
109000 5.31707317073 132.58
110000 5.82608695652 130.23
