1000 2.54545454545 0.1
2000 2.53333333333 0.57
3000 3.15789473684 0.56
4000 3.07692307692 4.31
5000 3.36842105263 9.19
6000 3.71428571429 7.95
7000 3.52941176471 18.06
8000 4.0 27.82
9000 4.0 36.92
10000 4.0 30.85
11000 4.0 191.58
12000 4.0 231.08
13000 3.66666666667 330.77
14000 3.75 265.58
15000 4.0 297.61
16000 4.44444444444 327.23
17000 4.44444444444 322.11
18000 4.44444444444 349.6
19000 4.44444444444 399.47
20000 4.44444444444 477.56
21000 4.44444444444 590.01
22000 4.44444444444 895.96
23000 4.44444444444 1059.42
24000 4.44444444444 900.81
25000 3.85714285714 1278.78
26000 5.25 1596.3
27000 5.33333333333 1420.91
28000 5.25 2220.71
29000 5.25 1057.4
30000 5.25 1078.2
31000 5.25 1250.86
32000 5.33333333333 1376.25
33000 4.90909090909 1707.29
34000 4.90909090909 1827.91
35000 4.84615384615 3116.3
36000 5.25 1904.4
37000 5.25 3516.16
38000 4.5 2179.88
39000 5.33333333333 3801.87
40000 5.33333333333 1820.31
41000 5.33333333333 2832.08
42000 5.33333333333 2372.43
43000 5.0 1819.4
44000 5.33333333333 2025.75
45000 5.33333333333 1956.53
46000 5.33333333333 2163.02
47000 5.33333333333 3414.87
48000 5.33333333333 3043.41
49000 5.25 5011.78
50000 5.33333333333 5201.77
51000 5.33333333333 4956.91
52000 5.25 4597.73
53000 5.33333333333 4427.86
54000 5.33333333333 6358.44
55000 5.33333333333 6974.65
56000 5.33333333333 6615.21
57000 3.61904761905 6026.32
58000 3.30434782609 6926.37
59000 3.248 7205.73
60000 3.30841121495 8045.96
61000 3.27891156463 8914.39
62000 3.40540540541 6840.62
63000 3.40540540541 7086.29
64000 3.55172413793 8691.74
65000 3.45454545455 7863.02
66000 3.6 9064.03
67000 5.69230769231 10619.85
68000 3.51020408163 8599.23
69000 3.53846153846 9890.06
70000 6.0 11696.24
71000 3.71929824561 9228.29
72000 3.51020408163 11176.12
73000 3.52 9882.65
74000 3.70731707317 12072.38
75000 6.09090909091 12858.87
76000 3.30434782609 10343.12
77000 3.57142857143 11402.28
78000 3.6 13909.86
79000 4.0 12338.54
80000 4.08 12712.64
81000 4.08 16138.33
82000 4.08 17681.16
83000 4.08 17842.5
84000 4.5 18346.94
85000 4.08 19191.55
86000 4.08 19126.29
87000 4.5 17869.82
88000 5.64705882353 22824.32
89000 4.08 21021.67
90000 4.5 23885.32
91000 4.5 15445.84
92000 3.26315789474 21227.73
93000 3.75 18027.8
94000 4.5 18320.12
95000 4.5 18971.9
96000 4.0 18972.36
97000 4.5 21365.95
98000 5.9 24988.48
99000 5.8 23893.49
100000 5.9 25721.12
101000 4.5 26600.92
102000 5.68 35597.9
103000 5.44827586207 36381.81
104000 4.82352941176 38837.57
105000 5.88888888889 40575.61
106000 5.77777777778 41434.1
107000 5.66666666667 46160.49
108000 4.88888888889 49521.21
109000 5.89473684211 48270.68
110000 5.88888888889 49164.79
