000 (1313.000.000) 10/23 14:06:39 Job submitted from host: <130.233.179.241:33585>
...
001 (1313.000.000) 10/23 14:06:39 Job executing on host: <130.233.179.10:47134>
...
006 (1313.000.000) 10/23 14:06:48 Image size of job updated: 75176
	74  -  MemoryUsage of job (MB)
	75176  -  ResidentSetSize of job (KB)
...
006 (1313.000.000) 10/23 14:11:49 Image size of job updated: 103292
	101  -  MemoryUsage of job (MB)
	103292  -  ResidentSetSize of job (KB)
...
006 (1313.000.000) 10/23 14:16:49 Image size of job updated: 115228
	113  -  MemoryUsage of job (MB)
	115228  -  ResidentSetSize of job (KB)
...
006 (1313.000.000) 10/23 14:21:49 Image size of job updated: 140240
	137  -  MemoryUsage of job (MB)
	140240  -  ResidentSetSize of job (KB)
...
006 (1313.000.000) 10/23 14:26:50 Image size of job updated: 186296
	182  -  MemoryUsage of job (MB)
	186296  -  ResidentSetSize of job (KB)
...
006 (1313.000.000) 10/23 14:31:50 Image size of job updated: 217404
	213  -  MemoryUsage of job (MB)
	217404  -  ResidentSetSize of job (KB)
...
006 (1313.000.000) 10/23 14:36:50 Image size of job updated: 231680
	227  -  MemoryUsage of job (MB)
	231680  -  ResidentSetSize of job (KB)
...
006 (1313.000.000) 10/23 14:41:51 Image size of job updated: 252360
	247  -  MemoryUsage of job (MB)
	252360  -  ResidentSetSize of job (KB)
...
006 (1313.000.000) 10/23 14:46:51 Image size of job updated: 262280
	257  -  MemoryUsage of job (MB)
	262280  -  ResidentSetSize of job (KB)
...
006 (1313.000.000) 10/23 14:48:47 Image size of job updated: 300628
	257  -  MemoryUsage of job (MB)
	262280  -  ResidentSetSize of job (KB)
...
005 (1313.000.000) 10/23 14:48:47 Job terminated.
	(1) Normal termination (return value 0)
		Usr 0 00:42:06, Sys 0 00:00:00  -  Run Remote Usage
		Usr 0 00:00:00, Sys 0 00:00:00  -  Run Local Usage
		Usr 0 00:42:06, Sys 0 00:00:00  -  Total Remote Usage
		Usr 0 00:00:00, Sys 0 00:00:00  -  Total Local Usage
	0  -  Run Bytes Sent By Job
	0  -  Run Bytes Received By Job
	0  -  Total Bytes Sent By Job
	0  -  Total Bytes Received By Job
	Partitionable Resources :    Usage  Request Allocated
	   Cpus                 :                 1         1
	   Disk (KB)            :        1        1    146803
	   Memory (MB)          :      257     1024      1024
...
