1000 2.54545454545 0.0900000000001
2000 2.53333333333 0.36
3000 3.15789473684 0.28
4000 3.14285714286 1.01
5000 3.46153846154 2.57
6000 3.41666666667 1.76
7000 3.40909090909 3.0
8000 4.0 4.31
9000 4.0 5.5
10000 4.0 3.27
11000 4.0 19.79
12000 3.85714285714 18.32
13000 3.68421052632 24.9
14000 3.75 18.87
15000 3.66666666667 19.53
16000 4.44444444444 19.3
17000 4.6 18.85
18000 3.66666666667 15.99
19000 4.0 17.48
20000 3.66666666667 19.85
21000 4.0 23.07
22000 4.0 33.77
23000 4.0 38.82
24000 3.85714285714 31.28
25000 3.85714285714 41.57
26000 5.25 38.6
27000 5.25 32.93
28000 5.25 55.5
29000 5.25 31.91
30000 5.25 27.78
31000 5.25 30.11
32000 5.25 31.75
33000 5.25 39.92
34000 5.25 40.54
35000 5.05263157895 61.31
36000 5.33333333333 41.84
37000 5.25 71.11
38000 5.33333333333 41.62
39000 5.33333333333 75.66
40000 5.33333333333 31.3
41000 5.25 46.59
42000 5.33333333333 48.54
43000 5.33333333333 34.34
44000 5.33333333333 38.64
45000 5.33333333333 35.05
46000 5.33333333333 34.84
47000 3.58974358974 47.46
48000 5.33333333333 41.91
49000 5.33333333333 57.44
50000 3.62162162162 66.64
51000 3.62162162162 66.42
52000 3.05263157895 61.16
53000 3.03389830508 63.79
54000 3.6 81.56
55000 3.6 80.95
56000 4.0 69.45
57000 3.68421052632 61.75
58000 3.25 87.1
59000 3.46153846154 59.85
60000 3.38461538462 78.46
61000 3.24324324324 82.39
62000 3.46153846154 69.7
63000 3.46153846154 71.64
64000 4.19047619048 82.63
65000 3.23076923077 103.65
66000 3.27419354839 128.89
67000 5.63636363636 104.37
68000 3.34020618557 100.08
69000 5.82608695652 93.21
70000 5.82608695652 100.57
71000 3.47826086957 96.57
72000 3.35632183908 112.68
73000 3.35632183908 106.05
74000 3.36 103.25
75000 5.82608695652 107.69
76000 5.82608695652 87.58
77000 5.82608695652 112.37
78000 3.44680851064 106.2
79000 4.26666666667 92.55
80000 4.26666666667 95.8
81000 4.26666666667 116.31
82000 4.26666666667 125.03
83000 4.26666666667 125.35
84000 4.26666666667 126.12
85000 4.5 131.67
86000 4.9 136.6
87000 4.26666666667 121.19
88000 5.5 145.9
89000 4.26666666667 130.04
90000 4.5 167.83
91000 4.28571428571 103.55
92000 4.5 115.47
93000 4.5 119.57
94000 4.5 116.55
95000 4.26666666667 125.82
96000 4.5 118.48
97000 3.74468085106 147.33
98000 5.02857142857 152.69
99000 5.52941176471 138.91
100000 5.02857142857 155.85
101000 3.6231884058 195.18
102000 5.31707317073 176.7
103000 5.31707317073 179.75
104000 4.92307692308 176.75
105000 5.31707317073 201.34
106000 5.31707317073 206.11
107000 5.29032258065 210.85
108000 5.0 225.65
109000 5.31707317073 249.79
110000 5.82608695652 239.88
