000 (1314.000.000) 10/23 14:06:39 Job submitted from host: <130.233.179.241:33585>
...
001 (1314.000.000) 10/23 14:06:39 Job executing on host: <130.233.179.31:33674>
...
006 (1314.000.000) 10/23 14:06:48 Image size of job updated: 75056
	74  -  MemoryUsage of job (MB)
	75056  -  ResidentSetSize of job (KB)
...
006 (1314.000.000) 10/23 14:11:48 Image size of job updated: 104324
	102  -  MemoryUsage of job (MB)
	104324  -  ResidentSetSize of job (KB)
...
006 (1314.000.000) 10/23 14:16:48 Image size of job updated: 116536
	114  -  MemoryUsage of job (MB)
	116536  -  ResidentSetSize of job (KB)
...
006 (1314.000.000) 10/23 14:21:49 Image size of job updated: 118992
	117  -  MemoryUsage of job (MB)
	118992  -  ResidentSetSize of job (KB)
...
006 (1314.000.000) 10/23 14:31:49 Image size of job updated: 121576
	119  -  MemoryUsage of job (MB)
	121576  -  ResidentSetSize of job (KB)
...
006 (1314.000.000) 10/23 14:41:51 Image size of job updated: 122636
	120  -  MemoryUsage of job (MB)
	122636  -  ResidentSetSize of job (KB)
...
006 (1314.000.000) 10/23 14:46:51 Image size of job updated: 124620
	122  -  MemoryUsage of job (MB)
	124620  -  ResidentSetSize of job (KB)
...
006 (1314.000.000) 10/23 14:51:51 Image size of job updated: 126896
	124  -  MemoryUsage of job (MB)
	126896  -  ResidentSetSize of job (KB)
...
006 (1314.000.000) 10/23 14:56:52 Image size of job updated: 128908
	126  -  MemoryUsage of job (MB)
	128908  -  ResidentSetSize of job (KB)
...
006 (1314.000.000) 10/23 15:01:53 Image size of job updated: 129980
	127  -  MemoryUsage of job (MB)
	129980  -  ResidentSetSize of job (KB)
...
006 (1314.000.000) 10/23 15:11:54 Image size of job updated: 132384
	130  -  MemoryUsage of job (MB)
	132384  -  ResidentSetSize of job (KB)
...
006 (1314.000.000) 10/23 15:16:55 Image size of job updated: 133784
	131  -  MemoryUsage of job (MB)
	133784  -  ResidentSetSize of job (KB)
...
006 (1314.000.000) 10/23 15:26:55 Image size of job updated: 134592
	132  -  MemoryUsage of job (MB)
	134592  -  ResidentSetSize of job (KB)
...
006 (1314.000.000) 10/23 15:41:56 Image size of job updated: 135904
	133  -  MemoryUsage of job (MB)
	135904  -  ResidentSetSize of job (KB)
...
006 (1314.000.000) 10/23 16:01:59 Image size of job updated: 138048
	135  -  MemoryUsage of job (MB)
	138048  -  ResidentSetSize of job (KB)
...
006 (1314.000.000) 10/23 16:17:00 Image size of job updated: 139820
	137  -  MemoryUsage of job (MB)
	139820  -  ResidentSetSize of job (KB)
...
006 (1314.000.000) 10/23 16:37:03 Image size of job updated: 141672
	139  -  MemoryUsage of job (MB)
	141672  -  ResidentSetSize of job (KB)
...
006 (1314.000.000) 10/23 17:02:06 Image size of job updated: 143256
	140  -  MemoryUsage of job (MB)
	143256  -  ResidentSetSize of job (KB)
...
006 (1314.000.000) 10/23 17:27:08 Image size of job updated: 143448
	141  -  MemoryUsage of job (MB)
	143448  -  ResidentSetSize of job (KB)
...
006 (1314.000.000) 10/23 18:02:12 Image size of job updated: 146400
	143  -  MemoryUsage of job (MB)
	146400  -  ResidentSetSize of job (KB)
...
006 (1314.000.000) 10/23 18:22:14 Image size of job updated: 147516
	145  -  MemoryUsage of job (MB)
	147516  -  ResidentSetSize of job (KB)
...
006 (1314.000.000) 10/23 18:42:16 Image size of job updated: 147688
	145  -  MemoryUsage of job (MB)
	147688  -  ResidentSetSize of job (KB)
...
006 (1314.000.000) 10/23 19:02:18 Image size of job updated: 149416
	146  -  MemoryUsage of job (MB)
	149416  -  ResidentSetSize of job (KB)
...
006 (1314.000.000) 10/23 19:22:20 Image size of job updated: 152272
	149  -  MemoryUsage of job (MB)
	152272  -  ResidentSetSize of job (KB)
...
006 (1314.000.000) 10/23 19:52:22 Image size of job updated: 154060
	151  -  MemoryUsage of job (MB)
	154060  -  ResidentSetSize of job (KB)
...
006 (1314.000.000) 10/23 21:17:32 Image size of job updated: 155856
	153  -  MemoryUsage of job (MB)
	155856  -  ResidentSetSize of job (KB)
...
006 (1314.000.000) 10/23 21:47:37 Image size of job updated: 156988
	154  -  MemoryUsage of job (MB)
	156988  -  ResidentSetSize of job (KB)
...
006 (1314.000.000) 10/23 22:47:44 Image size of job updated: 158140
	155  -  MemoryUsage of job (MB)
	158140  -  ResidentSetSize of job (KB)
...
006 (1314.000.000) 10/23 23:22:47 Image size of job updated: 164152
	161  -  MemoryUsage of job (MB)
	164152  -  ResidentSetSize of job (KB)
...
006 (1314.000.000) 10/24 00:27:54 Image size of job updated: 165252
	162  -  MemoryUsage of job (MB)
	165252  -  ResidentSetSize of job (KB)
...
006 (1314.000.000) 10/24 01:43:01 Image size of job updated: 168440
	165  -  MemoryUsage of job (MB)
	168440  -  ResidentSetSize of job (KB)
...
006 (1314.000.000) 10/24 02:53:09 Image size of job updated: 169016
	166  -  MemoryUsage of job (MB)
	169016  -  ResidentSetSize of job (KB)
...
006 (1314.000.000) 10/24 03:28:13 Image size of job updated: 170884
	167  -  MemoryUsage of job (MB)
	170884  -  ResidentSetSize of job (KB)
...
006 (1314.000.000) 10/24 03:58:15 Image size of job updated: 172044
	169  -  MemoryUsage of job (MB)
	172044  -  ResidentSetSize of job (KB)
...
006 (1314.000.000) 10/24 04:38:20 Image size of job updated: 177052
	173  -  MemoryUsage of job (MB)
	177052  -  ResidentSetSize of job (KB)
...
006 (1314.000.000) 10/24 05:33:26 Image size of job updated: 177700
	174  -  MemoryUsage of job (MB)
	177700  -  ResidentSetSize of job (KB)
...
006 (1314.000.000) 10/24 07:48:41 Image size of job updated: 180384
	177  -  MemoryUsage of job (MB)
	180384  -  ResidentSetSize of job (KB)
...
006 (1314.000.000) 10/24 09:13:49 Image size of job updated: 180492
	177  -  MemoryUsage of job (MB)
	180492  -  ResidentSetSize of job (KB)
...
006 (1314.000.000) 10/24 10:38:57 Image size of job updated: 181784
	178  -  MemoryUsage of job (MB)
	181784  -  ResidentSetSize of job (KB)
...
006 (1314.000.000) 10/24 13:09:12 Image size of job updated: 187832
	184  -  MemoryUsage of job (MB)
	187832  -  ResidentSetSize of job (KB)
...
006 (1314.000.000) 10/24 20:24:58 Image size of job updated: 189724
	186  -  MemoryUsage of job (MB)
	189724  -  ResidentSetSize of job (KB)
...
006 (1314.000.000) 10/24 22:20:10 Image size of job updated: 200248
	196  -  MemoryUsage of job (MB)
	200248  -  ResidentSetSize of job (KB)
...
006 (1314.000.000) 10/25 00:20:23 Image size of job updated: 206100
	202  -  MemoryUsage of job (MB)
	206100  -  ResidentSetSize of job (KB)
...
006 (1314.000.000) 10/25 08:56:17 Image size of job updated: 209420
	205  -  MemoryUsage of job (MB)
	209420  -  ResidentSetSize of job (KB)
...
006 (1314.000.000) 10/25 16:01:59 Image size of job updated: 212708
	208  -  MemoryUsage of job (MB)
	212708  -  ResidentSetSize of job (KB)
...
006 (1314.000.000) 10/26 04:58:23 Image size of job updated: 213392
	209  -  MemoryUsage of job (MB)
	213392  -  ResidentSetSize of job (KB)
...
006 (1314.000.000) 10/26 08:03:45 Image size of job updated: 217348
	213  -  MemoryUsage of job (MB)
	217348  -  ResidentSetSize of job (KB)
...
006 (1314.000.000) 10/26 09:28:53 Image size of job updated: 217352
	213  -  MemoryUsage of job (MB)
	217352  -  ResidentSetSize of job (KB)
...
006 (1314.000.000) 10/26 10:49:01 Image size of job updated: 217564
	213  -  MemoryUsage of job (MB)
	217564  -  ResidentSetSize of job (KB)
...
006 (1314.000.000) 10/26 17:49:41 Image size of job updated: 223004
	218  -  MemoryUsage of job (MB)
	223004  -  ResidentSetSize of job (KB)
...
006 (1314.000.000) 10/26 20:39:59 Image size of job updated: 224212
	219  -  MemoryUsage of job (MB)
	224212  -  ResidentSetSize of job (KB)
...
006 (1314.000.000) 10/26 23:50:19 Image size of job updated: 225084
	220  -  MemoryUsage of job (MB)
	225084  -  ResidentSetSize of job (KB)
...
006 (1314.000.000) 10/27 07:11:01 Image size of job updated: 227120
	222  -  MemoryUsage of job (MB)
	227120  -  ResidentSetSize of job (KB)
...
006 (1314.000.000) 10/27 15:11:52 Image size of job updated: 227596
	223  -  MemoryUsage of job (MB)
	227596  -  ResidentSetSize of job (KB)
...
006 (1314.000.000) 10/28 01:02:54 Image size of job updated: 233512
	229  -  MemoryUsage of job (MB)
	233512  -  ResidentSetSize of job (KB)
...
006 (1314.000.000) 10/29 04:10:49 Image size of job updated: 234108
	229  -  MemoryUsage of job (MB)
	234108  -  ResidentSetSize of job (KB)
...
006 (1314.000.000) 10/29 16:42:03 Image size of job updated: 234856
	230  -  MemoryUsage of job (MB)
	234856  -  ResidentSetSize of job (KB)
...
006 (1314.000.000) 10/29 20:57:30 Image size of job updated: 235724
	231  -  MemoryUsage of job (MB)
	235724  -  ResidentSetSize of job (KB)
...
006 (1314.000.000) 10/29 21:02:31 Image size of job updated: 235960
	231  -  MemoryUsage of job (MB)
	235960  -  ResidentSetSize of job (KB)
...
006 (1314.000.000) 10/30 02:53:07 Image size of job updated: 254324
	249  -  MemoryUsage of job (MB)
	254324  -  ResidentSetSize of job (KB)
...
006 (1314.000.000) 10/30 07:53:38 Image size of job updated: 254924
	249  -  MemoryUsage of job (MB)
	254924  -  ResidentSetSize of job (KB)
...
006 (1314.000.000) 10/30 13:04:10 Image size of job updated: 255736
	250  -  MemoryUsage of job (MB)
	255736  -  ResidentSetSize of job (KB)
...
006 (1314.000.000) 11/01 09:43:48 Image size of job updated: 256532
	251  -  MemoryUsage of job (MB)
	256532  -  ResidentSetSize of job (KB)
...
006 (1314.000.000) 11/02 16:36:57 Image size of job updated: 265784
	260  -  MemoryUsage of job (MB)
	265784  -  ResidentSetSize of job (KB)
...
022 (1314.000.000) 11/03 11:18:20 Job disconnected, attempting to reconnect
    Local schedd and job shadow died, schedd now running again
    Trying to reconnect to slot1@pc31.ics.hut.fi <130.233.179.31:33674>
...
023 (1314.000.000) 11/03 11:18:21 Job reconnected to slot1@pc31.ics.hut.fi
    startd address: <130.233.179.31:33674>
    starter address: <130.233.179.31:41172>
...
005 (1314.000.000) 11/05 21:10:59 Job terminated.
	(1) Normal termination (return value 0)
		Usr 13 07:57:51, Sys 0 00:05:44  -  Run Remote Usage
		Usr 0 00:00:00, Sys 0 00:00:00  -  Run Local Usage
		Usr 13 07:57:51, Sys 0 00:05:44  -  Total Remote Usage
		Usr 0 00:00:00, Sys 0 00:00:00  -  Total Local Usage
	0  -  Run Bytes Sent By Job
	0  -  Run Bytes Received By Job
	0  -  Total Bytes Sent By Job
	0  -  Total Bytes Received By Job
	Partitionable Resources :    Usage  Request          
	   Cpus                 :                 1          
	   Disk (KB)            :        1        1          
	   Memory (MB)          :      269     1024          
...
