1000 2.54545454545 0.08
2000 2.53333333333 0.24
3000 3.15789473684 0.22
4000 3.07692307692 0.66
5000 3.36842105263 0.85
6000 3.71428571429 0.88
7000 3.52941176471 1.35
8000 4.0 1.54
9000 4.0 1.64
10000 4.0 1.54
11000 4.0 3.11
12000 4.0 3.07
13000 3.66666666667 5.92
14000 3.75 3.13
15000 4.0 5.42
16000 4.44444444444 5.32
17000 4.44444444444 5.5
18000 4.44444444444 5.45
19000 4.44444444444 3.97
20000 4.44444444444 6.07
21000 4.44444444444 6.75
22000 4.44444444444 7.61
23000 4.44444444444 7.61
24000 4.44444444444 7.05
25000 3.85714285714 7.68
26000 5.25 8.92
27000 5.33333333333 7.42
28000 5.25 8.37
29000 5.25 8.12
30000 5.25 7.72
31000 5.25 8.47
32000 5.33333333333 8.5
33000 4.90909090909 8.55
34000 4.90909090909 8.74
35000 4.84615384615 10.06
36000 5.25 8.6
37000 5.25 10.04
38000 4.5 8.82
39000 5.33333333333 10.33
40000 5.33333333333 9.3
41000 5.33333333333 9.92
42000 5.33333333333 9.93
43000 5.0 7.22
44000 5.33333333333 7.51
45000 5.33333333333 10.75
46000 5.33333333333 11.1
47000 5.33333333333 11.11
48000 5.33333333333 12.72
49000 5.25 12.73
50000 5.33333333333 12.8
51000 5.33333333333 13.04
52000 5.25 12.53
53000 5.33333333333 12.92
54000 5.33333333333 13.95
55000 5.33333333333 14.38
56000 5.33333333333 13.76
57000 3.61904761905 14.04
58000 3.30434782609 16.19
59000 3.248 19.5
60000 3.30841121495 19.42
61000 3.27891156463 22.6
62000 3.40540540541 14.76
63000 3.40540540541 14.98
64000 3.55172413793 17.13
65000 3.45454545455 17.97
66000 3.6 18.93
67000 5.69230769231 18.48
68000 3.51020408163 18.04
69000 3.53846153846 17.81
70000 6.0 17.62
71000 3.71929824561 19.38
72000 3.51020408163 21.0
73000 3.52 17.63
74000 3.70731707317 19.8
75000 6.09090909091 19.2
76000 3.30434782609 18.99
77000 3.57142857143 19.81
78000 3.6 22.7
79000 4.0 20.19
80000 4.08 20.51
81000 4.08 21.57
82000 4.08 21.89
83000 4.08 22.18
84000 4.5 21.84
85000 4.08 22.64
86000 4.08 22.87
87000 4.5 21.16
88000 5.64705882353 23.61
89000 4.08 23.35
90000 4.5 23.4
91000 4.5 21.79
92000 3.26315789474 27.6
93000 3.75 21.76
94000 4.5 22.83
95000 4.5 23.06
96000 4.0 22.93
97000 4.5 23.62
98000 5.9 25.77
99000 5.8 25.83
100000 5.9 26.4
101000 4.5 25.53
102000 5.68 30.97
103000 5.44827586207 29.05
104000 4.82352941176 28.7
105000 5.88888888889 29.21
106000 5.77777777778 29.59
107000 5.66666666667 30.57
108000 4.88888888889 74.18
109000 5.89473684211 31.62
110000 5.88888888889 31.32
