500 717 401 500 5.55 0.0 0.03
1000 1245 725 1000 21.89 0.0 0.05
1500 1790 1076 1500 26.48 0.0 0.1
2000 2237 1383 2000 16.08 0.0 0.1
2500 2664 1683 2500 10.74 0.0 0.13
3000 3018 1929 3000 5.03 0.0 0.16
3500 3400 2203 3500 2.52 0.0 0.15
4000 3784 2501 4000 2.43 0.0 0.17
4500 4149 2788 4500 2.84 0.0 0.19
5000 4521 3067 5000 3.44 0.0 0.22
5500 4870 3326 5500 3.98 0.0 0.26
6000 5211 3608 6000 4.69 0.0 0.25
6500 5519 3884 6500 5.36 0.0 0.26
7000 5783 4126 7000 6.06 0.0 0.28
7500 6119 4407 7500 6.84 0.0 0.3
8000 6371 4638 8000 7.58 0.0 0.35
8500 6667 4917 8500 8.4 0.0 0.36
9000 6949 5204 9000 9.4 0.0 0.35
9500 7212 5449 9500 10.42 0.0 0.39
10000 7461 5692 10000 11.62 0.0 0.4
10500 7753 5963 10500 12.13 0.0 0.4
11000 8012 6234 11000 13.54 0.0 0.44
11500 8227 6470 11500 14.18 0.0 0.44
12000 8470 6714 12000 15.59 0.0 0.47
12500 8742 7006 12500 16.34 0.0 0.48
13000 8951 7253 13000 17.48 0.0 0.5
13500 9174 7522 13500 18.5 0.0 0.51
14000 9412 7790 14000 19.68 0.0 0.53
14500 9622 8047 14500 20.82 0.0 0.54
15000 9852 8285 15000 22.12 0.0 0.57
15500 10071 8508 15500 23.38 0.0 0.56
16000 10300 8809 16000 24.59 0.0 0.6
16500 10499 9090 16500 25.87 0.0 0.61
17000 10667 9320 17000 27.19 0.0 0.61
17500 10861 9560 17500 28.35 0.0 0.63
18000 11055 9781 18000 30.64 0.0 0.68
18500 11256 10025 18500 31.14 0.0 0.66
19000 11444 10246 19000 33.1 0.0 0.66
19500 11613 10461 19500 35.84 0.0 1.08
20000 11779 10659 20000 35.25 0.0 0.69
20500 11946 10875 20500 36.66 0.0 0.7
21000 12122 11106 21000 38.12 0.0 0.71
21500 12307 11354 21500 40.06 0.0 0.76
22000 12469 11571 22000 41.98 0.0 0.74
22500 12661 11796 22500 43.54 0.0 0.75
23000 12842 12022 23000 46.48 0.0 0.77
23500 13013 12277 23500 46.85 0.0 0.77
24000 13199 12533 24000 48.42 0.0 0.83
24500 13364 12770 24500 50.14 0.0 0.8
25000 13505 12980 25000 53.57 0.0 0.8
25500 13657 13196 25500 54.18 0.0 0.83
26000 13805 13411 26000 55.98 0.0 0.88
26500 13961 13641 26500 57.41 0.0 0.85
27000 14120 13865 27000 59.21 0.0 0.88
27500 14279 14095 27500 61.42 0.0 0.9
28000 14447 14355 28000 62.99 0.0 0.92
28500 14622 14607 28500 64.92 0.0 0.89
29000 14791 14841 29000 66.91 0.0 0.94
29500 14984 15116 29500 68.94 0.0 0.96
30000 15117 15321 30000 70.53 0.0 0.91
30500 15254 15523 30500 72.58 0.0 0.99
31000 15401 15738 31000 74.38 0.0 0.98
31500 15564 15991 31500 76.41 0.0 1.01
32000 15679 16204 32000 78.94 0.0 1.02
32500 15843 16420 32500 81.61 0.0 1.03
33000 15974 16639 33000 83.71 0.0 1.05
33500 16107 16858 33500 88.66 0.0 1.02
34000 16255 17104 34000 89.27 0.0 1.07
34500 16381 17338 34500 95.78 0.0 1.08
35000 16518 17554 35000 93.71 0.0 1.09
35500 16625 17762 35500 94.33 0.0 1.09
36000 16722 17935 36000 103.72 0.0 1.13
36500 16868 18167 36500 106.05 0.0 1.16
37000 16963 18360 37000 107.92 0.0 1.19
37500 17079 18580 37500 107.09 0.0 1.14
38000 17203 18785 38000 111.61 0.0 1.17
38500 17341 18994 38500 112.65 0.0 1.15
39000 17465 19201 39000 115.37 0.0 1.16
39500 17567 19410 39500 118.34 0.0 1.18
40000 17684 19604 40000 120.6 0.0 1.19
40500 17804 19789 40500 123.37 0.0 1.18
41000 17921 20021 41000 126.27 0.0 1.2
41500 18043 20251 41500 129.46 0.0 1.24
42000 18154 20451 42000 128.74 0.0 1.15
42500 18293 20681 42500 133.56 0.0 1.2
43000 18415 20895 43000 134.54 0.0 1.21
43500 18538 21140 43500 137.16 0.0 1.22
44000 18672 21366 44000 140.28 0.0 1.2
44500 18810 21630 44500 143.39 0.0 1.21
45000 18914 21871 45000 146.65 0.0 1.23
45500 19026 22086 45500 150.41 0.0 1.27
46000 19149 22301 46000 153.6 0.0 1.3
46500 19242 22519 46500 159.41 0.0 1.25
47000 19366 22756 47000 160.38 0.0 1.29
47500 19484 22980 47500 162.71 0.0 1.34
48000 19604 23205 48000 168.79 0.0 1.3
48500 19720 23427 48500 174.42 0.0 1.36
49000 19833 23634 49000 174.85 0.0 1.31
49500 19947 23857 49500 183.38 0.0 1.32
50000 20067 24088 50000 181.5 0.0 1.39
50500 20177 24312 50500 185.59 0.0 1.37
51000 20272 24505 51000 187.77 0.0 1.4
51500 20373 24718 51500 191.19 0.0 1.42
52000 20477 24933 52000 195.34 0.0 1.43
52500 20601 25155 52500 198.6 0.0 1.4
53000 20710 25396 53000 203.28 0.0 1.41
53500 20833 25628 53500 206.85 0.0 1.43
54000 20945 25841 54000 212.04 0.0 1.45
54500 21062 26054 54500 218.41 0.0 1.47
55000 21163 26279 55000 219.24 0.0 1.42
55500 21259 26465 55500 223.54 0.0 1.45
56000 21382 26693 56000 226.83 0.0 1.45
56500 21471 26889 56500 231.02 0.0 1.47
57000 21567 27087 57000 237.71 0.0 1.5
57500 21692 27312 57500 236.5 0.0 1.47
58000 21790 27530 58000 242.92 0.0 1.55
58500 21873 27742 58500 232.05 0.0 1.52
59000 21983 27930 59000 233.81 0.0 1.52
59500 22074 28124 59500 239.12 0.0 1.53
60000 22191 28356 60000 243.16 0.0 1.54
60500 22273 28567 60500 246.32 0.0 1.57
61000 22353 28764 61000 249.77 0.0 1.62
61500 22444 28956 61500 252.1 0.0 1.63
62000 22546 29160 62000 257.08 0.0 1.64
62500 22631 29359 62500 257.61 0.0 1.62
63000 22718 29559 63000 260.85 0.0 1.58
63500 22812 29757 63500 268.45 0.0 1.58
64000 22900 29919 64000 273.25 0.0 1.62
64500 22998 30100 64500 276.33 0.0 1.59
65000 23092 30327 65000 280.24 0.0 1.6
65500 23187 30537 65500 281.86 0.0 1.69
66000 23281 30738 66000 288.02 0.0 1.65
66500 23391 30930 66500 294.36 0.0 1.63
67000 23487 31145 67000 297.01 0.0 1.65
67500 23570 31364 67500 300.47 0.0 1.73
68000 23682 31575 68000 304.87 0.0 1.65
68500 23785 31760 68500 310.08 0.0 1.72
69000 23875 31966 69000 314.54 0.0 1.73
69500 23954 32173 69500 318.49 0.0 1.75
70000 24034 32353 70000 322.71 0.0 1.74
70500 24133 32560 70500 327.09 0.0 1.71
71000 24208 32748 71000 329.05 0.0 1.72
71500 24289 32959 71500 335.7 0.0 1.75
72000 24359 33152 72000 337.96 0.0 1.77
72500 24446 33342 72500 343.08 0.0 1.77
73000 24521 33532 73000 347.0 0.0 1.75
73500 24612 33762 73500 347.14 0.0 1.78
74000 24688 33960 74000 357.79 0.0 1.87
74500 24790 34162 74500 360.09 0.0 1.77
75000 24863 34372 75000 356.82 0.0 1.85
75500 24944 34600 75500 366.79 0.0 1.89
76000 25026 34818 76000 372.22 0.0 1.81
76500 25095 35003 76500 372.58 0.0 1.86
77000 25177 35188 77000 376.88 0.0 1.9
77500 25235 35356 77500 383.53 0.0 1.89
78000 25301 35522 78000 391.42 0.0 1.88
78500 25377 35744 78500 395.44 0.0 1.91
79000 25431 35913 79000 398.25 0.0 1.86
79500 25511 36084 79500 402.22 0.0 1.93
80000 25591 36263 80000 402.36 0.0 1.93
80500 25662 36432 80500 413.81 0.0 1.87
81000 25708 36555 81000 418.1 0.0 1.88
81500 25770 36750 81500 423.66 0.0 1.94
82000 25820 36939 82000 426.35 0.0 1.89
82500 25883 37115 82500 428.06 0.0 1.9
83000 25947 37286 83000 432.33 0.0 1.9
83500 26011 37457 83500 441.07 0.0 1.92
84000 26062 37613 84000 443.94 0.0 1.92
84500 26128 37800 84500 449.39 0.0 1.97
85000 26190 38004 85000 447.17 0.0 1.93
85500 26254 38186 85500 452.99 0.0 2.03
86000 26327 38366 86000 461.25 0.0 1.95
86500 26382 38516 86500 467.79 0.0 1.95
87000 26459 38707 87000 473.46 0.0 2.06
87500 26518 38911 87500 465.27 0.0 2.06
88000 26583 39103 88000 482.28 0.0 2.03
88500 26663 39298 88500 483.27 0.0 2.09
89000 26727 39504 89000 483.84 0.0 2.01
89500 26799 39704 89500 495.27 0.0 2.09
90000 26878 39884 90000 492.79 0.0 2.09
90500 26936 40057 90500 507.18 0.0 2.12
91000 27002 40247 91000 510.36 0.0 2.05
91500 27061 40474 91500 513.64 0.0 2.08
92000 27143 40681 92000 514.04 0.0 2.08
92500 27208 40880 92500 524.64 0.0 2.09
93000 27272 41060 93000 528.78 0.0 2.23
93500 27333 41243 93500 534.7 0.0 2.06
94000 27402 41459 94000 529.3 0.0 2.17000000001
94500 27465 41647 94500 543.56 0.0 2.12
95000 27522 41819 95000 539.99 0.0 2.19
95500 27573 41983 95500 544.26 0.0 2.08
96000 27624 42150 96000 547.09 0.0 2.21999999999
96500 27697 42336 96500 560.0 0.0 2.17000000001
97000 27736 42511 97000 566.44 0.0 2.17
97500 27784 42682 97500 569.61 0.0 2.16
98000 27831 42859 98000 575.56 0.0 2.15
98500 27884 43010 98500 579.08 0.0 2.14
99000 27938 43189 99000 584.75 0.0 2.15
99500 28020 43390 99500 590.42 0.0 2.25
100000 28078 43577 100000 595.54 0.0 2.26
100500 28133 43737 100500 601.7 0.0 2.25999999999
101000 28206 43913 101000 594.95 0.0 2.25
101500 28244 44054 101500 602.5 0.0 2.28000000001
102000 28286 44233 102000 603.3 0.0 2.18
102500 28334 44405 102500 608.45 0.0 2.26
103000 28402 44598 103000 626.24 0.0 2.28
103500 28450 44759 103500 626.95 0.0 2.29
104000 28504 44923 104000 621.31 0.0 2.23
104500 28567 45097 104500 627.23 0.0 2.22
105000 28626 45276 105000 632.82 0.0 2.23
105500 28670 45453 105500 639.14 0.0 2.23
106000 28720 45629 106000 649.17 0.0 2.25999999999
106500 28782 45809 106500 660.67 0.0 2.29
107000 28856 46007 107000 664.72 0.0 2.35000000001
107500 28902 46205 107500 661.89 0.0 2.25
108000 28956 46376 108000 676.89 0.0 2.25
108500 29014 46562 108500 677.3 0.0 2.34
109000 29072 46760 109000 672.0 0.0 2.25999999999
109500 29119 46936 109500 690.86 0.0 2.37
