500 3 3 3 0.0 0.0 0.04
1000 3 3 3 0.0 0.0 0.07
1500 4 4 4 0.0 0.0 0.08
2000 3 3 7 0.0 0.0 0.1
2500 4 5 9 0.0 0.0 0.11
3000 4 5 9 0.0 0.0 0.16
3500 4 5 5 0.01 0.0 0.15
4000 9 12 17 0.00999999999999 0.0 0.17
4500 108 126 197 0.55 0.0 0.2
5000 37 45 67 0.05 0.0 0.21
5500 14 18 33 0.02 0.0 0.26
6000 4 5 11 0.0 0.0 0.25
6500 5 7 13 0.01 0.0 0.3
7000 15 20 27 0.02 0.0 0.31
7500 47 61 105 0.09 0.0 0.3
8000 180 236 386 1.42 0.0 0.32
8500 6 9 10 0.00999999999999 0.0 0.36
9000 23 32 54 0.03 0.0 0.38
9500 28 41 61 0.05 0.0 0.39
10000 13 20 37 0.02 0.0 0.41
10500 13 20 32 0.02 0.0 0.44
11000 5 7 14 0.02 0.0 0.44
11500 6 9 10 0.00999999999999 0.0 0.46
12000 28 43 111 0.08 0.0 0.47
12500 11 20 30 0.02 0.0 0.49
13000 33 58 116 0.11 0.0 0.5
13500 11 21 21 0.02 0.0 0.48
14000 11 21 21 0.02 0.0 0.54
14500 13 26 28 0.02 0.0 0.55
15000 13 26 28 0.02 0.0 0.56
15500 11 21 21 0.02 0.0 0.59
16000 13 26 28 0.02 0.0 0.58
16500 13 26 28 0.03 0.0 0.61
17000 51 101 173 0.15 0.0 0.61
17500 76 150 256 0.33 0.0 0.62
18000 86 170 296 0.38 0.0 0.64
18500 13 26 28 0.02 0.0 0.65
19000 91 182 328 0.48 0.0 0.67
19500 102 205 383 0.6 0.0 0.67
20000 104 211 394 0.6 0.0 0.72
20500 33 67 153 0.11 0.0 0.71
21000 124 254 471 0.87 0.0 0.7
21500 124 254 476 0.86 0.0 0.74
22000 113 231 431 0.69 0.0 0.78
22500 97 202 357 0.51 0.0 0.74
23000 122 256 505 0.89 0.0 0.81
23500 70 147 290 0.36 0.0 0.77
24000 112 237 459 0.7 0.0 0.83
24500 136 292 634 1.3 0.0 0.8
25000 144 308 639 1.39 0.0 0.81
25500 234 506 1040 3.45 0.0 0.82
26000 238 518 1086 3.71 0.0 0.83
26500 14 31 90 0.06 0.0 0.84
27000 43 98 241 0.22 0.0 0.85
27500 48 112 246 0.24 0.0 0.87
28000 42 98 218 0.22 0.0 0.88
28500 108 252 432 0.58 0.0 0.88
29000 54 131 282 0.27 0.0 0.91
29500 90 210 394 0.49 0.0 0.91
30000 135 332 599 1.04 0.0 0.95
30500 25 61 86 0.08 0.0 0.94
31000 35 88 123 0.1 0.0 0.94
31500 52 137 242 0.21 0.0 1.01
32000 46 121 215 0.17 0.0 1.03
32500 89 246 488 0.62 0.0 1.03
33000 47 129 220 0.18 0.0 1.03
33500 57 158 295 0.32 0.0 1.0
34000 54 150 284 0.27 0.0 1.06
34500 57 158 298 0.3 0.0 1.05
35000 53 143 276 0.25 0.0 1.1
35500 49 131 256 0.23 0.0 1.08
36000 58 157 296 0.28 0.0 1.11
36500 59 159 328 0.34 0.0 1.1
37000 51 137 269 0.24 0.0 1.13
37500 95 262 488 0.63 0.0 1.15
38000 50 141 259 0.24 0.0 1.16
38500 59 164 332 0.35 0.0 1.1
39000 59 164 338 0.34 0.0 1.16
39500 50 141 268 0.25 0.0 1.18
40000 99 283 611 0.86 0.0 1.2
40500 93 267 549 0.75 0.0 1.22
41000 103 296 622 0.9 0.0 1.19
41500 104 299 700 1.0 0.0 1.23
42000 91 261 526 0.66 0.0 1.22
42500 104 300 677 1.04 0.0 1.23
43000 104 301 666 0.94 0.0 1.24
43500 111 320 701 1.06 0.0 1.26
44000 128 370 789 1.3 0.0 1.25
44500 210 590 1209 2.8 0.0 1.27
45000 126 366 788 1.27 0.0 1.29
45500 106 309 652 0.94 0.0 1.29
46000 134 393 832 1.35 0.0 1.31
46500 150 432 917 1.63 0.0 1.31
47000 156 452 967 1.81 0.0 1.34
47500 93 273 586 0.79 0.0 1.34
48000 65 192 375 0.41 0.0 1.38
48500 74 219 490 0.58 0.0 1.34
49000 171 500 1015 1.89 0.0 1.4
49500 139 418 880 1.42 0.0 1.37
50000 116 351 701 1.04 0.0 1.41
50500 66 202 425 0.44 0.0 1.38
51000 203 606 1373 3.07 0.0 1.4
51500 121 360 851 1.33 0.0 1.41
52000 68 210 434 0.49 0.0 1.43
52500 211 630 1409 3.21 0.0 1.48
53000 60 182 367 0.4 0.0 1.47
53500 214 640 1407 3.07 0.0 1.51
54000 263 790 1756 4.75 0.0 1.48
54500 113 349 848 1.18 0.0 1.48
55000 308 922 2173 7.18 0.0 1.48
55500 127 393 936 1.39 0.0 1.55
56000 176 539 1227 2.34 0.0 1.51
56500 117 360 856 1.2 0.0 1.51
57000 115 351 778 1.11 0.0 1.52
57500 153 472 1168 2.0 0.0 1.53
58000 188 594 1448 2.96 0.0 1.52
58500 142 444 1038 1.69 0.0 1.63
59000 310 968 2325 7.71 0.0 1.59
59500 221 698 1577 3.51 0.0 1.64
60000 212 673 1628 3.63 0.0 1.57
60500 204 645 1463 2.95 0.0 1.65
61000 252 808 1923 5.0 0.0 1.67
61500 191 616 1601 3.39 0.0 1.59
62000 286 917 2282 6.89 0.0 1.69
62500 180 580 1461 2.9 0.0 1.6
63000 227 752 1831 4.32 0.0 1.73
63500 196 644 1679 3.59 0.0 1.62
64000 247 805 2030 5.52 0.0 1.7
64500 193 633 1606 3.28 0.0 1.73
65000 235 780 1986 5.12 0.0 1.72
65500 164 546 1330 2.37 0.0 1.66
66000 191 622 1545 3.08 0.0 1.74
66500 206 684 1709 3.8 0.0 1.71
67000 225 746 1833 4.18 0.0 1.75
67500 77 259 702 0.74 0.0 1.79
68000 76 254 759 0.82 0.0 1.77
68500 255 852 2187 5.82 0.0 1.74
69000 91 315 794 0.96 0.0 1.77
69500 154 530 1446 2.58 0.0 1.73
70000 90 315 893 1.03 0.0 1.8
70500 95 326 840 1.05 0.0 1.79
71000 74 257 693 0.73 0.0 1.85
71500 122 429 1203 1.84 0.0 1.86
72000 93 325 954 1.16 0.0 1.86
72500 90 321 840 0.98 0.0 1.9
73000 120 428 1188 1.78 0.0 1.89
73500 126 450 1267 2.04 0.0 1.85
74000 123 443 1234 1.94 0.0 1.86
74500 225 803 1983 4.56 0.0 1.88
75000 314 1125 2884 9.25 0.0 1.85
75500 174 627 1594 3.06 0.0 1.86
76000 167 608 1635 3.06 0.0 1.87
76500 155 570 1454 2.55 0.0 1.89
77000 230 847 2119 5.13 0.0 1.89
77500 250 929 2298 5.95 0.0 1.9
78000 167 621 1567 2.95 0.0 1.89
78500 167 623 1584 2.96 0.0 1.9
79000 188 707 1859 3.87 0.0 1.91
79500 173 646 1632 3.17 0.0 1.92
80000 160 598 1538 2.79 0.0 1.93
80500 165 619 1605 2.97 0.0 1.94
81000 173 654 1658 3.15 0.0 1.94
81500 170 643 1648 3.1 0.0 1.93
82000 161 613 1665 3.07 0.0 1.95
82500 209 803 2079 4.6 0.0 1.96
83000 198 763 1933 4.06 0.0 1.94
83500 201 779 2032 4.35 0.0 1.98
84000 180 700 1844 3.65 0.0 1.96
84500 172 671 1808 3.48 0.0 1.97
85000 185 726 1903 3.89 0.0 1.96
85500 188 739 1973 4.08 0.0 1.99
86000 181 711 1865 3.74 0.0 2.01
86500 248 976 2550 6.81 0.0 1.99
87000 231 916 2402 6.04 0.0 2.0
87500 201 802 2156 4.82 0.0 2.03
88000 204 815 2208 4.96 0.0 2.03
88500 197 784 2145 4.6 0.0 2.02
89000 243 971 2547 6.64 0.0 2.02
89500 247 987 2604 6.9 0.0 2.15
90000 208 838 2210 4.96 0.0 2.1
90500 240 961 2527 6.42 0.0 2.07
91000 192 770 2085 4.33 0.0 2.07
91500 208 839 2219 4.86 0.0 2.2
92000 192 771 2093 4.39 0.0 2.14
92500 250 1011 2715 7.32 0.0 2.12
93000 233 949 2566 6.41 0.0 2.21
93500 204 828 2212 4.87 0.0 2.2
94000 227 926 2484 6.01 0.0 2.25
94500 245 995 2646 6.91 0.0 2.18
95000 217 887 2411 5.6 0.0 2.25
95500 253 1034 2741 7.39 0.0 2.21
96000 222 913 2482 5.83 0.0 2.26
96500 279 1140 3074 8.94 0.0 2.18
97000 228 941 2525 6.05 0.0 2.25
97500 356 1455 3979 14.46 0.0 2.18
98000 219 910 2450 5.65 0.0 2.17
98500 211 876 2292 5.11 0.0 2.29
99000 196 812 2207 4.58 0.0 2.21
99500 376 1548 4212 15.92 0.0 2.29
100000 324 1353 3702 12.24 0.0 2.18
100500 254 1056 3090 8.44 0.0 2.22
101000 237 1002 2739 6.89 0.0 2.27
101500 252 1066 2947 7.72 0.0 2.32
102000 245 1039 2854 7.33 0.0 2.25
102500 249 1052 2718 6.75 0.0 2.36
103000 213 901 2542 5.79 0.0 2.34
103500 260 1102 3039 8.13 0.0 2.34
104000 408 1720 4650 18.82 0.0 2.26
104500 420 1772 4864 20.62 0.0 2.37
105000 245 1042 2916 7.62 0.0 2.32
105500 272 1156 3042 8.2 0.0 2.39
106000 254 1084 2987 7.84 0.0 2.36
106500 324 1378 3850 12.75 0.0 2.39
107000 390 1670 4463 16.9 0.0 2.41
107500 430 1841 5043 23.01 0.0 2.4
108000 426 1828 5021 22.47 0.0 2.88
108500 400 1732 4632 18.09 0.0 2.4
109000 457 1967 5328 24.14 0.0 2.41
109500 440 1910 5096 21.77 0.0 2.4
110000 467 2016 5487 25.57 0.0 2.42
