000 (1290.000.000) 10/21 18:18:30 Job submitted from host: <130.233.179.241:33585>
...
001 (1290.000.000) 10/22 01:22:01 Job executing on host: <130.233.179.31:33674>
...
006 (1290.000.000) 10/22 01:22:10 Image size of job updated: 51412
	51  -  MemoryUsage of job (MB)
	51404  -  ResidentSetSize of job (KB)
...
006 (1290.000.000) 10/22 01:27:11 Image size of job updated: 84248
	83  -  MemoryUsage of job (MB)
	84240  -  ResidentSetSize of job (KB)
...
006 (1290.000.000) 10/22 01:32:11 Image size of job updated: 207040
	203  -  MemoryUsage of job (MB)
	207032  -  ResidentSetSize of job (KB)
...
006 (1290.000.000) 10/22 01:37:11 Image size of job updated: 237104
	232  -  MemoryUsage of job (MB)
	237096  -  ResidentSetSize of job (KB)
...
006 (1290.000.000) 10/22 01:42:12 Image size of job updated: 277052
	271  -  MemoryUsage of job (MB)
	277044  -  ResidentSetSize of job (KB)
...
005 (1290.000.000) 10/22 01:46:21 Job terminated.
	(1) Normal termination (return value 0)
		Usr 0 00:24:19, Sys 0 00:00:01  -  Run Remote Usage
		Usr 0 00:00:00, Sys 0 00:00:00  -  Run Local Usage
		Usr 0 00:24:19, Sys 0 00:00:01  -  Total Remote Usage
		Usr 0 00:00:00, Sys 0 00:00:00  -  Total Local Usage
	0  -  Run Bytes Sent By Job
	0  -  Run Bytes Received By Job
	0  -  Total Bytes Sent By Job
	0  -  Total Bytes Received By Job
	Partitionable Resources :    Usage  Request Allocated
	   Cpus                 :                 1         1
	   Disk (KB)            :        1        1    152778
	   Memory (MB)          :      271     1024      1024
...
