000 (1288.000.000) 10/21 18:08:29 Job submitted from host: <130.233.179.241:33585>
...
001 (1288.000.000) 10/22 00:28:20 Job executing on host: <130.233.179.31:33674>
...
006 (1288.000.000) 10/22 00:28:29 Image size of job updated: 50088
	49  -  MemoryUsage of job (MB)
	50088  -  ResidentSetSize of job (KB)
...
006 (1288.000.000) 10/22 00:33:29 Image size of job updated: 83932
	82  -  MemoryUsage of job (MB)
	83932  -  ResidentSetSize of job (KB)
...
006 (1288.000.000) 10/22 00:38:29 Image size of job updated: 119904
	118  -  MemoryUsage of job (MB)
	119904  -  ResidentSetSize of job (KB)
...
006 (1288.000.000) 10/22 00:43:30 Image size of job updated: 126660
	124  -  MemoryUsage of job (MB)
	126660  -  ResidentSetSize of job (KB)
...
006 (1288.000.000) 10/22 00:48:31 Image size of job updated: 131396
	129  -  MemoryUsage of job (MB)
	131396  -  ResidentSetSize of job (KB)
...
006 (1288.000.000) 10/22 00:53:31 Image size of job updated: 136796
	134  -  MemoryUsage of job (MB)
	136796  -  ResidentSetSize of job (KB)
...
006 (1288.000.000) 10/22 00:58:31 Image size of job updated: 138948
	136  -  MemoryUsage of job (MB)
	138948  -  ResidentSetSize of job (KB)
...
006 (1288.000.000) 10/22 01:03:32 Image size of job updated: 144224
	141  -  MemoryUsage of job (MB)
	144224  -  ResidentSetSize of job (KB)
...
006 (1288.000.000) 10/22 01:08:32 Image size of job updated: 146436
	144  -  MemoryUsage of job (MB)
	146436  -  ResidentSetSize of job (KB)
...
006 (1288.000.000) 10/22 01:13:32 Image size of job updated: 147464
	145  -  MemoryUsage of job (MB)
	147464  -  ResidentSetSize of job (KB)
...
006 (1288.000.000) 10/22 01:18:33 Image size of job updated: 149144
	146  -  MemoryUsage of job (MB)
	149144  -  ResidentSetSize of job (KB)
...
006 (1288.000.000) 10/22 01:23:34 Image size of job updated: 151896
	149  -  MemoryUsage of job (MB)
	151896  -  ResidentSetSize of job (KB)
...
006 (1288.000.000) 10/22 01:28:34 Image size of job updated: 152716
	150  -  MemoryUsage of job (MB)
	152716  -  ResidentSetSize of job (KB)
...
006 (1288.000.000) 10/22 01:33:35 Image size of job updated: 156096
	153  -  MemoryUsage of job (MB)
	156096  -  ResidentSetSize of job (KB)
...
006 (1288.000.000) 10/22 01:38:36 Image size of job updated: 159816
	157  -  MemoryUsage of job (MB)
	159816  -  ResidentSetSize of job (KB)
...
006 (1288.000.000) 10/22 01:48:36 Image size of job updated: 162392
	159  -  MemoryUsage of job (MB)
	162392  -  ResidentSetSize of job (KB)
...
006 (1288.000.000) 10/22 01:53:37 Image size of job updated: 168260
	165  -  MemoryUsage of job (MB)
	168260  -  ResidentSetSize of job (KB)
...
006 (1288.000.000) 10/22 01:58:37 Image size of job updated: 171292
	168  -  MemoryUsage of job (MB)
	171292  -  ResidentSetSize of job (KB)
...
006 (1288.000.000) 10/22 02:03:37 Image size of job updated: 171476
	168  -  MemoryUsage of job (MB)
	171476  -  ResidentSetSize of job (KB)
...
006 (1288.000.000) 10/22 02:13:39 Image size of job updated: 174768
	171  -  MemoryUsage of job (MB)
	174768  -  ResidentSetSize of job (KB)
...
006 (1288.000.000) 10/22 02:18:39 Image size of job updated: 174872
	171  -  MemoryUsage of job (MB)
	174872  -  ResidentSetSize of job (KB)
...
006 (1288.000.000) 10/22 02:28:41 Image size of job updated: 177736
	174  -  MemoryUsage of job (MB)
	177736  -  ResidentSetSize of job (KB)
...
006 (1288.000.000) 10/22 02:33:41 Image size of job updated: 178072
	174  -  MemoryUsage of job (MB)
	178072  -  ResidentSetSize of job (KB)
...
006 (1288.000.000) 10/22 02:43:42 Image size of job updated: 178352
	175  -  MemoryUsage of job (MB)
	178352  -  ResidentSetSize of job (KB)
...
006 (1288.000.000) 10/22 02:48:43 Image size of job updated: 178612
	175  -  MemoryUsage of job (MB)
	178612  -  ResidentSetSize of job (KB)
...
006 (1288.000.000) 10/22 02:53:43 Image size of job updated: 180552
	177  -  MemoryUsage of job (MB)
	180552  -  ResidentSetSize of job (KB)
...
006 (1288.000.000) 10/22 02:58:44 Image size of job updated: 182568
	179  -  MemoryUsage of job (MB)
	182568  -  ResidentSetSize of job (KB)
...
006 (1288.000.000) 10/22 03:13:45 Image size of job updated: 185952
	182  -  MemoryUsage of job (MB)
	185952  -  ResidentSetSize of job (KB)
...
006 (1288.000.000) 10/22 03:38:49 Image size of job updated: 197056
	193  -  MemoryUsage of job (MB)
	197056  -  ResidentSetSize of job (KB)
...
006 (1288.000.000) 10/22 03:43:49 Image size of job updated: 197968
	194  -  MemoryUsage of job (MB)
	197968  -  ResidentSetSize of job (KB)
...
006 (1288.000.000) 10/22 03:53:50 Image size of job updated: 198368
	194  -  MemoryUsage of job (MB)
	198368  -  ResidentSetSize of job (KB)
...
006 (1288.000.000) 10/22 04:08:51 Image size of job updated: 200624
	196  -  MemoryUsage of job (MB)
	200624  -  ResidentSetSize of job (KB)
...
006 (1288.000.000) 10/22 04:13:52 Image size of job updated: 201016
	197  -  MemoryUsage of job (MB)
	201016  -  ResidentSetSize of job (KB)
...
006 (1288.000.000) 10/22 04:18:52 Image size of job updated: 204932
	201  -  MemoryUsage of job (MB)
	204932  -  ResidentSetSize of job (KB)
...
006 (1288.000.000) 10/22 04:33:53 Image size of job updated: 205136
	201  -  MemoryUsage of job (MB)
	205136  -  ResidentSetSize of job (KB)
...
006 (1288.000.000) 10/22 04:43:54 Image size of job updated: 209460
	205  -  MemoryUsage of job (MB)
	209460  -  ResidentSetSize of job (KB)
...
006 (1288.000.000) 10/22 05:03:57 Image size of job updated: 209832
	205  -  MemoryUsage of job (MB)
	209832  -  ResidentSetSize of job (KB)
...
006 (1288.000.000) 10/22 05:28:59 Image size of job updated: 212028
	208  -  MemoryUsage of job (MB)
	212028  -  ResidentSetSize of job (KB)
...
006 (1288.000.000) 10/22 05:39:01 Image size of job updated: 212760
	208  -  MemoryUsage of job (MB)
	212760  -  ResidentSetSize of job (KB)
...
006 (1288.000.000) 10/22 05:54:03 Image size of job updated: 214440
	210  -  MemoryUsage of job (MB)
	214440  -  ResidentSetSize of job (KB)
...
006 (1288.000.000) 10/22 06:29:07 Image size of job updated: 214620
	210  -  MemoryUsage of job (MB)
	214620  -  ResidentSetSize of job (KB)
...
006 (1288.000.000) 10/22 06:34:07 Image size of job updated: 220568
	216  -  MemoryUsage of job (MB)
	220568  -  ResidentSetSize of job (KB)
...
006 (1288.000.000) 10/22 07:29:12 Image size of job updated: 220780
	216  -  MemoryUsage of job (MB)
	220780  -  ResidentSetSize of job (KB)
...
006 (1288.000.000) 10/22 07:34:14 Image size of job updated: 221660
	217  -  MemoryUsage of job (MB)
	221660  -  ResidentSetSize of job (KB)
...
006 (1288.000.000) 10/22 07:39:14 Image size of job updated: 222300
	218  -  MemoryUsage of job (MB)
	222300  -  ResidentSetSize of job (KB)
...
006 (1288.000.000) 10/22 07:49:15 Image size of job updated: 223256
	219  -  MemoryUsage of job (MB)
	223256  -  ResidentSetSize of job (KB)
...
006 (1288.000.000) 10/22 08:09:17 Image size of job updated: 223908
	219  -  MemoryUsage of job (MB)
	223908  -  ResidentSetSize of job (KB)
...
006 (1288.000.000) 10/22 08:34:19 Image size of job updated: 228188
	223  -  MemoryUsage of job (MB)
	228188  -  ResidentSetSize of job (KB)
...
006 (1288.000.000) 10/22 08:59:23 Image size of job updated: 229884
	225  -  MemoryUsage of job (MB)
	229884  -  ResidentSetSize of job (KB)
...
006 (1288.000.000) 10/22 09:24:25 Image size of job updated: 237732
	233  -  MemoryUsage of job (MB)
	237732  -  ResidentSetSize of job (KB)
...
006 (1288.000.000) 10/22 09:34:27 Image size of job updated: 243872
	239  -  MemoryUsage of job (MB)
	243872  -  ResidentSetSize of job (KB)
...
006 (1288.000.000) 10/22 10:24:33 Image size of job updated: 244272
	239  -  MemoryUsage of job (MB)
	244272  -  ResidentSetSize of job (KB)
...
006 (1288.000.000) 10/22 11:19:39 Image size of job updated: 244916
	240  -  MemoryUsage of job (MB)
	244916  -  ResidentSetSize of job (KB)
...
006 (1288.000.000) 10/22 11:49:41 Image size of job updated: 246132
	241  -  MemoryUsage of job (MB)
	246132  -  ResidentSetSize of job (KB)
...
006 (1288.000.000) 10/22 11:59:42 Image size of job updated: 247048
	242  -  MemoryUsage of job (MB)
	247048  -  ResidentSetSize of job (KB)
...
006 (1288.000.000) 10/22 13:49:53 Image size of job updated: 249748
	244  -  MemoryUsage of job (MB)
	249748  -  ResidentSetSize of job (KB)
...
006 (1288.000.000) 10/22 14:14:56 Image size of job updated: 250736
	245  -  MemoryUsage of job (MB)
	250736  -  ResidentSetSize of job (KB)
...
006 (1288.000.000) 10/22 14:44:59 Image size of job updated: 252472
	247  -  MemoryUsage of job (MB)
	252472  -  ResidentSetSize of job (KB)
...
006 (1288.000.000) 10/22 15:10:01 Image size of job updated: 252724
	247  -  MemoryUsage of job (MB)
	252724  -  ResidentSetSize of job (KB)
...
006 (1288.000.000) 10/22 15:55:05 Image size of job updated: 255144
	250  -  MemoryUsage of job (MB)
	255144  -  ResidentSetSize of job (KB)
...
006 (1288.000.000) 10/22 16:45:10 Image size of job updated: 257208
	252  -  MemoryUsage of job (MB)
	257208  -  ResidentSetSize of job (KB)
...
006 (1288.000.000) 10/22 17:05:12 Image size of job updated: 257788
	252  -  MemoryUsage of job (MB)
	257788  -  ResidentSetSize of job (KB)
...
006 (1288.000.000) 10/22 17:30:14 Image size of job updated: 258496
	253  -  MemoryUsage of job (MB)
	258496  -  ResidentSetSize of job (KB)
...
004 (1288.000.000) 10/22 17:42:16 Job was evicted.
	(0) Job was not checkpointed.
		Usr 0 17:13:21, Sys 0 00:00:33  -  Run Remote Usage
		Usr 0 00:00:00, Sys 0 00:00:00  -  Run Local Usage
	0  -  Run Bytes Sent By Job
	0  -  Run Bytes Received By Job
	Partitionable Resources :    Usage  Request Allocated
	   Cpus                 :                 1         1
	   Disk (KB)            :        1        1    152783
	   Memory (MB)          :      253     1024      1024
...
009 (1288.000.000) 10/22 17:42:16 Job was aborted by the user.
	via condor_rm (by user rozensp1)
...
