1000 3 3 3 0.00999999999999 0.0
2000 3 3 7 0.03 0.0
3000 4 5 9 0.06 0.0
4000 9 12 17 0.09 0.0
5000 37 45 67 0.9 0.0
6000 4 5 11 0.08 0.0
7000 15 20 27 0.42 0.0
8000 180 236 386 35.59 0.0
9000 23 32 54 1.14 0.0
10000 13 20 37 0.83 0.0
11000 5 7 14 0.34 0.0
12000 28 43 111 3.22 0.0
13000 33 58 116 2.86 0.0
14000 11 21 21 0.49 0.0
15000 13 26 28 0.66 0.0
16000 13 26 28 0.75 0.0
17000 51 101 173 8.5 0.0
18000 86 170 296 27.34 0.0
19000 91 182 328 36.94 0.0
20000 104 211 394 51.13 0.0
21000 124 254 471 76.33 0.0
22000 113 231 431 66.11 0.0
23000 122 256 505 87.19 0.0
24000 112 237 459 73.73 0.0
25000 144 308 639 138.5 0.0
26000 238 518 1086 418.89 0.0
27000 43 98 241 20.45 0.0
28000 42 98 218 18.27 0.0
29000 54 131 282 29.72 0.0
30000 135 332 599 145.7 0.0
31000 35 88 123 10.42 0.0
32000 46 121 215 22.57 0.0
33000 47 129 220 24.13 0.0
34000 54 150 284 37.11 0.0
35000 53 143 276 34.66 0.0
36000 58 157 296 42.46 0.0
37000 51 137 269 36.52 0.0
38000 50 141 259 37.47 0.0
39000 59 164 338 54.46 0.0
40000 99 283 611 143.74 0.0
41000 103 296 622 171.22 0.0
42000 91 261 526 130.69 0.0
43000 104 301 666 193.39 0.0
44000 128 370 789 294.76 0.0
45000 126 366 788 316.25 0.0
46000 134 393 832 382.93 0.0
47000 156 452 967 511.82 0.0
48000 65 192 375 97.11 0.0
49000 171 500 1015 608.45 0.0
50000 116 351 701 292.01 0.0
51000 203 606 1373 1005.76 0.0
52000 68 210 434 126.64 0.0
53000 60 182 367 99.54 0.0
54000 263 790 1756 1797.46 0.0
55000 308 922 2173 2789.85 0.0
56000 176 539 1227 881.81 0.0
57000 115 351 778 376.16 0.0
58000 188 594 1448 1140.99 0.0
59000 310 968 2325 3206.94 0.0
60000 212 673 1628 1473.03 0.0
61000 252 808 1923 2125.64 0.0
62000 286 917 2282 3029.09 0.0
63000 227 752 1831 1889.63 0.0
64000 247 805 2030 2337.94 0.0
