500 717 401 500 3.21 0.0
1000 1245 725 1000 18.84 0.0
1500 1790 1076 1500 61.11 0.0
2000 2237 1383 2000 136.44 0.0
2500 2664 1683 2500 254.96 0.0
3000 3018 1929 3000 397.21 0.0
3500 3400 2203 3500 564.35 0.0
4000 3784 2501 4000 761.06 0.0
4500 4149 2788 4500 990.35 0.0
5000 4521 3067 5000 1231.53 0.0
5500 4870 3326 5500 1483.61 0.0
6000 5211 3608 6000 1766.78 0.0
6500 5519 3884 6500 2063.81 0.0
7000 5783 4126 7000 2371.07 0.0
7500 6119 4407 7500 2715.45 0.0
8000 6371 4638 8000 3046.57 0.0
8500 6667 4917 8500 3430.27 0.0
9000 6949 5204 9000 3829.57 0.0
9500 7212 5449 9500 4208.57 0.0
10000 7461 5692 10000 4567.21 0.0
10500 7753 5963 10500 4992.67 0.0
11000 8012 6234 11000 5397.53 0.0
11500 8227 6470 11500 5813.61 0.0
12000 8470 6714 12000 6218.88 0.0
12500 8742 7006 12500 6648.0 0.0
13000 8951 7253 13000 7032.83 0.0
13500 9174 7522 13500 7403.58 0.0
