000 (1278.000.000) 10/21 15:26:39 Job submitted from host: <130.233.179.241:33585>
...
001 (1278.000.000) 10/21 15:26:44 Job executing on host: <130.233.179.10:47134>
...
006 (1278.000.000) 10/21 15:26:52 Image size of job updated: 78716
	75  -  MemoryUsage of job (MB)
	76688  -  ResidentSetSize of job (KB)
...
006 (1278.000.000) 10/21 15:31:52 Image size of job updated: 115328
	111  -  MemoryUsage of job (MB)
	113300  -  ResidentSetSize of job (KB)
...
006 (1278.000.000) 10/21 15:36:53 Image size of job updated: 314616
	306  -  MemoryUsage of job (MB)
	312588  -  ResidentSetSize of job (KB)
...
006 (1278.000.000) 10/21 15:41:54 Image size of job updated: 329032
	320  -  MemoryUsage of job (MB)
	327004  -  ResidentSetSize of job (KB)
...
005 (1278.000.000) 10/21 16:19:57 Job terminated.
	(1) Normal termination (return value 0)
		Usr 0 00:53:12, Sys 0 00:00:01  -  Run Remote Usage
		Usr 0 00:00:00, Sys 0 00:00:00  -  Run Local Usage
		Usr 0 00:53:12, Sys 0 00:00:01  -  Total Remote Usage
		Usr 0 00:00:00, Sys 0 00:00:00  -  Total Local Usage
	0  -  Run Bytes Sent By Job
	0  -  Run Bytes Received By Job
	0  -  Total Bytes Sent By Job
	0  -  Total Bytes Received By Job
	Partitionable Resources :    Usage  Request Allocated
	   Cpus                 :                 1         1
	   Disk (KB)            :        1        1    146620
	   Memory (MB)          :      320     1024      1024
...
