500 564 383 500 2.47 0.0
1000 990 720 1000 17.39 0.0
1500 1450 1093 1500 56.25 0.0
2000 1862 1442 2000 114.44 0.0
2500 2206 1761 2500 183.84 0.0
3000 2544 2090 3000 259.09 0.0
3500 2822 2380 3500 346.51 0.0
4000 3100 2658 4000 445.7 0.0
4500 3373 2973 4500 569.45 0.0
5000 3655 3295 5000 705.41 0.0
5500 3926 3605 5500 845.6 0.0
6000 4182 3869 6000 1000.95 0.0
6500 4464 4188 6500 1153.69 0.0
7000 4692 4453 7000 1283.55 0.0
7500 4934 4728 7500 1438.25 0.0
8000 5125 4962 8000 1594.04 0.0
8500 5365 5230 8500 1744.99 0.0
9000 5590 5485 9000 1896.54 0.0
9500 5801 5733 9500 2049.78 0.0
10000 6003 5978 10000 2191.67 0.0
10500 6236 6243 10500 2335.53 0.0
11000 6423 6497 11000 2486.6 0.0
11500 6655 6774 11500 2624.99 0.0
12000 6831 7008 12000 2791.85 0.0
12500 7049 7256 12500 2935.75 0.0
13000 7258 7523 13000 3083.67 0.0
13500 7460 7764 13500 3272.5 0.0
14000 7665 8015 14000 3476.82 0.0
14500 7819 8218 14500 3695.12 0.0
15000 8046 8481 15000 3942.53 0.0
15500 8266 8791 15500 4208.16 0.0
16000 8481 9057 16000 4481.14 0.0
16500 8714 9311 16500 4779.41 0.0
17000 8925 9576 17000 5046.0 0.0
17500 9151 9846 17500 5309.24 0.0
18000 9347 10115 18000 5559.46 0.0
