110000 277 2395 6617 59.8 0.0
109000 283 2440 6677 55.92 0.0
108000 281 2401 6535 44.06 0.0
107000 274 2326 6365 56.05 0.0
106000 269 2279 6179 54.41 0.0
105000 268 2253 6095 54.25 0.0
104000 254 2120 5770 54.05 0.0
103000 259 2143 5805 55.32 0.0
102000 257 2109 5707 55.15 0.0
101000 242 1971 5363 57.05 0.0
100000 250 2019 5422 55.15 0.0
99000 243 1951 5238 55.29 0.0
98000 252 2015 5319 50.56 0.0
97000 225 1786 4819 56.15 0.0
96000 222 1749 4661 54.59 0.0
95000 224 1757 4667 54.06 0.0
94000 221 1727 4589 54.39 0.0
93000 225 1741 4586 50.74 0.0
92000 221 1703 4478 50.68 0.0
91000 213 1630 4321 55.16 0.0
90000 261 1990 5064 39.44 0.0
89000 242 1833 4770 45.26 0.0
88000 261 1955 4926 39.71 0.0
87000 227 1691 4365 46.89 0.0
86000 235 1738 4472 45.24 0.0
85000 230 1681 4361 46.31 0.0
84000 225 1639 4294 47.58 0.0
83000 228 1646 4245 45.21 0.0
82000 228 1638 4192 43.91 0.0
81000 227 1619 4139 43.21 0.0
80000 211 1485 3886 7.08 0.0
79000 209 1463 3828 6.97 0.0
78000 225 1557 3999 42.59 0.0
77000 214 1461 3751 42.77 0.0
76000 208 1407 3617 6.45 0.0
75000 230 1543 3964 38.34 0.0
74000 228 1517 3787 36.91 0.0
73000 209 1383 3581 45.58 0.0
72000 223 1467 3666 39.77 0.0
71000 205 1338 3376 6.39 0.0
70000 231 1501 3722 32.36 0.0
69000 219 1414 3522 40.1 0.0
68000 209 1338 3239 5.81 0.0
67000 222 1410 3519 5.73 0.0
66000 211 1333 3298 5.65 0.0
65000 204 1270 3148 5.59 0.0
64000 219 1346 3260 34.89 0.0
63000 199 1215 3009 5.62 0.0
62000 199 1196 2956 5.48 0.0
61000 211 1246 3047 5.07 0.0
60000 211 1241 3002 35.01 0.0
59000 199 1158 2812 5.07 0.0
58000 205 1179 2886 5.02 0.0
57000 193 1097 2663 5.01 0.0
56000 203 1139 2839 4.98 0.0
55000 223 1241 2986 30.59 0.0
54000 221 1215 2862 29.12 0.0
53000 189 1029 2470 4.62 0.0
52000 196 1049 2479 30.81 0.0
51000 206 1092 2537 29.71 0.0
50000 215 1129 2604 27.69 0.0
49000 211 1091 2537 28.7 0.0
48000 170 874 2117 5.45 0.0
47000 175 884 2150 4.99 0.0
46000 153 766 1884 6.26 0.0
45000 157 769 1855 5.22 0.0
44000 161 780 1877 5.1 0.0
43000 151 718 1724 5.84 0.0
42000 178 834 2012 4.67 0.0
41000 204 941 2108 3.45 0.0
40000 163 739 1745 4.6 0.0
39000 248 1098 2400 18.98 0.0
38000 189 842 1859 3.68 0.0
37000 244 1060 2344 20.38 0.0
36000 187 806 1810 3.67 0.0
35000 237 1005 2201 20.52 0.0
34000 190 799 1796 4.06 0.0
33000 190 789 1766 4.03 0.0
32000 175 716 1575 3.8 0.0
31000 172 687 1537 4.02 0.0
30000 167 656 1444 4.04 0.0
29000 173 669 1474 4.19 0.0
28000 227 866 1819 20.73 0.0
27000 186 694 1483 3.41 0.0
26000 207 757 1618 3.24 0.0
25000 215 759 1580 3.17 0.0
24000 191 664 1401 3.49 0.0
23000 210 713 1477 3.47 0.0
22000 198 658 1371 3.63 0.0
21000 169 552 1156 3.9 0.0
20000 159 504 1029 3.19 0.0
19000 147 451 938 3.4 0.0
18000 155 460 914 2.95 0.0
17000 155 440 932 3.08 0.0
16000 156 436 946 2.87 0.0
15000 160 422 944 3.11 0.0
14000 149 386 821 3.19 0.0
13000 191 485 962 4.4 0.0
12000 165 410 799 2.96 0.0
11000 158 378 775 3.99 0.0
10000 64 150 318 0.51 0.0
9000 72 165 392 1.07 0.0
8000 64 144 365 0.61 0.0
7000 49 101 214 0.34 0.0
6000 43 85 170 0.24 0.0
5000 65 115 211 0.27 0.0
4000 33 54 86 0.1 0.0
3000 19 30 38 0.0300000000002 0.0
2000 30 38 58 0.0799999999999 0.0
1000 11 14 23 0.0100000000002 0.0
