500 89 62 83 0.16 0.0 0.03
1000 11 14 23 0.0 0.0 0.0600000000001
1500 17 22 37 0.0200000000001 0.0 0.0799999999999
2000 30 38 58 0.0599999999999 0.0 0.11
2500 20 27 41 0.03 0.0 0.13
3000 19 30 38 0.03 0.0 0.18
3500 19 29 49 0.02 0.0 0.17
4000 33 54 86 0.1 0.0 0.19
4500 52 89 161 0.33 0.0 0.24
5000 65 115 211 0.69 0.0 0.24
5500 25 49 114 0.19 0.0 0.26
6000 43 85 170 0.36 0.0 0.27
6500 41 83 175 0.35 0.0 0.32
7000 49 101 214 0.51 0.0 0.33
7500 78 162 342 1.38 0.0 0.36
8000 64 144 365 1.16 0.0 0.38
8500 68 157 389 1.31 0.0 0.4
9000 72 165 392 1.36 0.0 0.38
9500 80 187 444 1.78 0.0 0.43
10000 64 150 318 0.85 0.0 0.44
10500 68 159 361 1.06 0.0 0.48
11000 158 378 775 5.73 0.0 0.46
11500 99 242 566 2.51 0.0 0.47
12000 165 410 799 5.2 0.0 0.51
12500 156 384 763 4.51 0.0 0.52
13000 191 485 962 8.03 0.0 0.52
13500 193 488 1007 8.26 0.0 0.54
14000 149 386 821 4.81 0.0 0.56
14500 144 378 868 4.99 0.0 0.57
15000 160 422 944 5.92 0.0 0.59
15500 119 327 770 3.55 0.0 0.6
16000 156 436 946 5.6 0.0 0.64
16500 152 431 877 4.64 0.0 0.71
17000 155 440 932 5.25 0.0 0.72
17500 143 410 834 4.04 0.0 0.73
18000 155 460 914 4.79 0.0 0.74
18500 135 406 832 3.92 0.0 0.87
19000 147 451 938 4.75 0.0 0.8
19500 155 483 998 6.13 0.0 0.87
20000 159 504 1029 6.1 0.0 0.95
20500 153 490 1016 5.33 0.0 0.84
21000 169 552 1156 6.88 0.0 0.86
21500 178 585 1232 7.86 0.0 0.87
22000 198 658 1371 10.07 0.0 0.88
22500 208 697 1435 11.18 0.0 0.91
23000 210 713 1477 11.59 0.0 0.9
23500 185 638 1358 8.78 0.0 0.92
24000 191 664 1401 9.46 0.0 0.93
24500 242 850 1733 15.86 0.0 0.96
25000 215 759 1580 12.25 0.0 0.96
25500 227 816 1670 13.53 0.0 0.99
26000 207 757 1618 11.72 0.0 0.99
26500 205 759 1588 11.03 0.0 1.02
27000 186 694 1483 9.16 0.0 1.01
27500 220 835 1801 14.56 0.0 1.06
28000 227 866 1819 14.81 0.0 1.06
28500 180 696 1515 8.99 0.0 1.06
29000 173 669 1474 8.2 0.0 1.09
29500 201 785 1749 12.31 0.0 1.11
30000 167 656 1444 7.52 0.0 1.13
30500 190 751 1661 10.46 0.0 1.14
31000 172 687 1537 8.33 0.0 1.13
31500 170 684 1526 8.12 0.0 1.18
32000 175 716 1575 8.55 0.0 1.16
32500 175 721 1589 8.6 0.0 1.21
33000 190 789 1766 10.94 0.0 1.22
33500 190 795 1786 11.02 0.0 1.24
34000 190 799 1796 11.06 0.0 1.3
34500 193 820 1856 11.77 0.0 1.34
35000 237 1005 2201 17.12 0.0 1.27
35500 172 738 1734 9.25 0.0 1.33
36000 187 806 1810 10.26 0.0 1.37
36500 244 1058 2326 18.82 0.0 1.32
37000 244 1060 2344 19.13 0.0 1.37
37500 150 662 1538 6.92 0.0 1.41
38000 189 842 1859 10.58 0.0 1.44
38500 167 749 1783 9.34 0.0 1.42
39000 248 1098 2400 19.67 0.0 1.44
39500 150 677 1549 6.67 0.0 1.49
40000 163 739 1745 8.54 0.0 1.51
40500 157 717 1726 8.17 0.0 1.49
41000 204 941 2108 12.86 0.0 1.51
41500 162 751 1776 8.46 0.0 1.56
42000 178 834 2012 11.28 0.0 1.53
42500 162 764 1883 9.5 0.0 1.57
43000 151 718 1724 7.71 0.0 1.6
43500 162 776 1830 8.85 0.0 1.59
44000 161 780 1877 9.12 0.0 1.63
44500 162 785 1888 9.09 0.0 1.61
45000 157 769 1855 8.63 0.0 1.67
45500 191 943 2218 12.89 0.0 1.66
46000 153 766 1884 8.53 0.0 1.67
46500 155 781 1923 8.77 0.0 1.68
47000 175 884 2150 11.13 0.0 1.73
47500 169 862 2089 10.44 0.0 1.72
48000 170 874 2117 10.67 0.0 1.76
48500 171 883 2134 10.74 0.0 1.75
49000 211 1091 2537 16.17 0.0 1.77
49500 205 1073 2495 15.12 0.0 1.78
50000 215 1129 2604 16.55 0.0 1.79
50500 229 1208 2753 19.07 0.0 1.83
51000 206 1092 2537 15.27 0.0 1.77
51500 210 1119 2611 16.1 0.0 1.84
52000 196 1049 2479 14.06 0.0 1.86
52500 191 1032 2558 14.79 0.0 1.88
53000 189 1029 2470 13.42 0.0 1.89
53500 206 1126 2683 16.54 0.0 1.88
54000 221 1215 2862 19.6 0.0 1.91
54500 192 1064 2614 15.13 0.0 1.95
55000 223 1241 2986 21.13 0.0 1.96
55500 203 1134 2744 16.92 0.0 1.98
56000 203 1139 2839 17.52 0.0 2.07
56500 225 1272 3092 22.33 0.0 2.02
57000 193 1097 2663 14.99 0.0 2.06
57500 196 1122 2781 16.39 0.0 2.1
58000 205 1179 2886 18.23 0.0 2.04
58500 186 1078 2667 14.62 0.0 2.11
59000 199 1158 2812 16.71 0.0 2.18
59500 200 1170 2901 18.13 0.0 2.08
60000 211 1241 3002 19.47 0.0 2.14
60500 205 1207 3003 19.48 0.0 2.21
61000 211 1246 3047 20.02 0.0 2.19
61500 203 1215 2980 18.51 0.0 2.12
62000 199 1196 2956 18.04 0.0 2.21
62500 199 1212 2984 18.31 0.0 2.2
63000 199 1215 3009 18.4 0.0 2.22
63500 217 1326 3225 21.73 0.0 2.29
64000 219 1346 3260 22.15 0.0 2.24
64500 221 1368 3312 22.7 0.0 2.31
65000 204 1270 3148 19.42 0.0 2.22
65500 195 1219 2985 17.23 0.0 2.32
66000 211 1333 3298 21.6 0.0 2.35
66500 212 1346 3318 21.6 0.0 2.25
67000 222 1410 3519 25.1 0.0 2.34
67500 256 1630 3955 33.73 0.0 2.26
68000 209 1338 3239 20.39 0.0 2.34
68500 206 1322 3309 21.04 0.0 2.34
69000 219 1414 3522 24.41 0.0 2.37
69500 244 1582 3893 31.57 0.0 2.4
70000 231 1501 3722 28.23 0.0 2.36
70500 207 1347 3348 20.8 0.0 2.38
71000 205 1338 3376 21.25 0.0 2.42
71500 269 1755 4248 39.06 0.0 2.44
72000 223 1467 3666 25.44 0.0 2.38
72500 204 1345 3475 22.43 0.0 2.42
73000 209 1383 3581 23.85 0.0 2.44
73500 218 1444 3649 24.31 0.0 2.45
74000 228 1517 3787 26.76 0.0 2.52
74500 224 1499 3773 26.01 0.0 2.46
75000 230 1543 3964 30.27 0.0 2.47
75500 209 1409 3664 23.63 0.0 2.55
76000 208 1407 3617 22.77 0.0 2.55
76500 208 1419 3644 22.87 0.0 2.56
77000 214 1461 3751 24.51 0.0 2.55
77500 203 1396 3642 22.37 0.0 2.57
78000 225 1557 3999 27.81 0.0 2.57
78500 216 1503 3891 25.76 0.0 2.59
79000 209 1463 3828 24.59 0.0 2.63
79500 210 1476 3868 25.69 0.0 2.61
80000 211 1485 3886 25.53 0.0 2.61
80500 214 1516 3951 26.34 0.0 2.64
81000 227 1619 4139 29.34 0.0 2.67
81500 227 1628 4170 29.58 0.0 2.63
82000 228 1638 4192 29.9 0.0 2.65
82500 228 1640 4208 30.1 0.0 2.7
83000 228 1646 4245 30.27 0.0 2.66
83500 237 1713 4486 34.67 0.0 2.68
84000 225 1639 4294 30.19 0.0 2.66
84500 230 1680 4359 31.24 0.0 2.72
85000 230 1681 4361 31.31 0.0 2.69
85500 230 1692 4344 30.75 0.0 2.71
86000 235 1738 4472 32.76 0.0 2.75
86500 210 1555 4100 26.0 0.0 2.73
87000 227 1691 4365 30.25 0.0 2.76
87500 226 1685 4388 30.72 0.0 2.81
88000 261 1955 4926 41.2 0.0 2.76
88500 219 1652 4303 28.26 0.0 2.81
89000 242 1833 4770 36.66 0.0 2.82
89500 242 1843 4642 34.33 0.0 2.84
90000 261 1990 5064 42.47 0.0 2.87
90500 241 1840 4679 34.61 0.0 2.94
91000 213 1630 4321 27.61 0.0 2.94
91500 233 1793 4624 32.63 0.0 2.98
92000 221 1703 4478 29.96 0.0 2.9
92500 229 1768 4591 31.79 0.0 2.93
93000 225 1741 4586 31.53 0.0 3.04
93500 220 1710 4557 30.8 0.0 3.04
94000 221 1727 4589 30.72 0.0 2.99
94500 219 1715 4569 30.2 0.0 3.1
95000 224 1757 4667 31.83 0.0 3.12
95500 230 1809 4760 33.22 0.0 3.0
96000 222 1749 4661 31.27 0.0 3.15
96500 222 1757 4738 32.39 0.0 3.16
97000 225 1786 4819 33.19 0.0 3.12
97500 229 1827 4888 34.26 0.0 3.2
98000 252 2015 5319 43.07 0.0 3.15
98500 232 1861 5013 36.09 0.0 3.14
99000 243 1951 5238 40.94 0.0 3.17
99500 250 2014 5401 46.03 0.0 3.52
100000 250 2019 5422 43.86 0.0 3.1
100500 245 1985 5373 42.07 0.0 3.19
101000 242 1971 5363 41.57 0.0 3.2
101500 257 2108 5700 48.55 0.0 3.22
102000 257 2109 5707 48.6 0.0 3.27
102500 257 2119 5743 48.96 0.0 3.23
103000 259 2143 5805 50.12 0.0 3.32
103500 261 2172 5869 51.26 0.0 3.3
104000 254 2120 5770 48.29 0.0 3.29
104500 265 2214 5997 53.73 0.0 3.29
105000 268 2253 6095 55.67 0.0 3.25
105500 255 2154 5904 50.39 0.0 3.31
106000 269 2279 6179 57.07 0.0 3.27
106500 261 2213 6110 54.59 0.0 3.25
107000 274 2326 6365 60.83 0.0 3.28
107500 279 2375 6481 63.47 0.0 3.31
108000 281 2401 6535 63.62 0.0 3.29
108500 267 2293 6313 58.56 0.0 3.31
109000 283 2440 6677 66.71 0.0 3.34
109500 291 2507 6836 70.56 0.0 3.34
110000 277 2395 6617 64.68 0.0 3.39
