000 (1286.000.000) 10/21 18:08:28 Job submitted from host: <130.233.179.241:33585>
...
001 (1286.000.000) 10/21 18:08:30 Job executing on host: <130.233.179.31:33674>
...
006 (1286.000.000) 10/21 18:08:39 Image size of job updated: 75948
	75  -  MemoryUsage of job (MB)
	75948  -  ResidentSetSize of job (KB)
...
006 (1286.000.000) 10/21 18:13:40 Image size of job updated: 105236
	103  -  MemoryUsage of job (MB)
	105236  -  ResidentSetSize of job (KB)
...
006 (1286.000.000) 10/21 18:18:41 Image size of job updated: 118484
	116  -  MemoryUsage of job (MB)
	118484  -  ResidentSetSize of job (KB)
...
006 (1286.000.000) 10/21 18:23:41 Image size of job updated: 133388
	131  -  MemoryUsage of job (MB)
	133388  -  ResidentSetSize of job (KB)
...
006 (1286.000.000) 10/21 18:28:42 Image size of job updated: 140644
	138  -  MemoryUsage of job (MB)
	140644  -  ResidentSetSize of job (KB)
...
006 (1286.000.000) 10/21 18:33:43 Image size of job updated: 149172
	146  -  MemoryUsage of job (MB)
	149172  -  ResidentSetSize of job (KB)
...
006 (1286.000.000) 10/21 18:38:43 Image size of job updated: 159860
	157  -  MemoryUsage of job (MB)
	159860  -  ResidentSetSize of job (KB)
...
006 (1286.000.000) 10/21 18:43:43 Image size of job updated: 171036
	168  -  MemoryUsage of job (MB)
	171036  -  ResidentSetSize of job (KB)
...
006 (1286.000.000) 10/21 18:48:44 Image size of job updated: 177020
	173  -  MemoryUsage of job (MB)
	177020  -  ResidentSetSize of job (KB)
...
006 (1286.000.000) 10/21 18:53:44 Image size of job updated: 181424
	178  -  MemoryUsage of job (MB)
	181424  -  ResidentSetSize of job (KB)
...
006 (1286.000.000) 10/21 18:58:44 Image size of job updated: 183728
	180  -  MemoryUsage of job (MB)
	183728  -  ResidentSetSize of job (KB)
...
006 (1286.000.000) 10/21 19:03:45 Image size of job updated: 187376
	183  -  MemoryUsage of job (MB)
	187376  -  ResidentSetSize of job (KB)
...
006 (1286.000.000) 10/21 19:08:46 Image size of job updated: 188444
	185  -  MemoryUsage of job (MB)
	188444  -  ResidentSetSize of job (KB)
...
006 (1286.000.000) 10/21 19:13:46 Image size of job updated: 194360
	190  -  MemoryUsage of job (MB)
	194360  -  ResidentSetSize of job (KB)
...
006 (1286.000.000) 10/21 19:18:46 Image size of job updated: 196464
	192  -  MemoryUsage of job (MB)
	196464  -  ResidentSetSize of job (KB)
...
006 (1286.000.000) 10/21 19:23:47 Image size of job updated: 200780
	197  -  MemoryUsage of job (MB)
	200780  -  ResidentSetSize of job (KB)
...
006 (1286.000.000) 10/21 19:28:47 Image size of job updated: 200972
	197  -  MemoryUsage of job (MB)
	200972  -  ResidentSetSize of job (KB)
...
006 (1286.000.000) 10/21 19:33:47 Image size of job updated: 210096
	206  -  MemoryUsage of job (MB)
	210096  -  ResidentSetSize of job (KB)
...
006 (1286.000.000) 10/21 19:38:48 Image size of job updated: 216008
	211  -  MemoryUsage of job (MB)
	216008  -  ResidentSetSize of job (KB)
...
006 (1286.000.000) 10/21 19:43:49 Image size of job updated: 219492
	215  -  MemoryUsage of job (MB)
	219492  -  ResidentSetSize of job (KB)
...
006 (1286.000.000) 10/21 19:48:49 Image size of job updated: 219608
	215  -  MemoryUsage of job (MB)
	219608  -  ResidentSetSize of job (KB)
...
006 (1286.000.000) 10/21 19:53:50 Image size of job updated: 221032
	216  -  MemoryUsage of job (MB)
	221032  -  ResidentSetSize of job (KB)
...
006 (1286.000.000) 10/21 19:58:51 Image size of job updated: 225332
	221  -  MemoryUsage of job (MB)
	225332  -  ResidentSetSize of job (KB)
...
006 (1286.000.000) 10/21 20:03:51 Image size of job updated: 238292
	233  -  MemoryUsage of job (MB)
	238292  -  ResidentSetSize of job (KB)
...
006 (1286.000.000) 10/21 20:23:52 Image size of job updated: 243792
	239  -  MemoryUsage of job (MB)
	243792  -  ResidentSetSize of job (KB)
...
006 (1286.000.000) 10/21 20:33:54 Image size of job updated: 246056
	241  -  MemoryUsage of job (MB)
	246056  -  ResidentSetSize of job (KB)
...
006 (1286.000.000) 10/21 20:38:54 Image size of job updated: 247140
	242  -  MemoryUsage of job (MB)
	247140  -  ResidentSetSize of job (KB)
...
006 (1286.000.000) 10/21 20:43:55 Image size of job updated: 248036
	243  -  MemoryUsage of job (MB)
	248036  -  ResidentSetSize of job (KB)
...
006 (1286.000.000) 10/21 20:48:56 Image size of job updated: 248800
	243  -  MemoryUsage of job (MB)
	248800  -  ResidentSetSize of job (KB)
...
006 (1286.000.000) 10/21 20:58:56 Image size of job updated: 253172
	248  -  MemoryUsage of job (MB)
	253172  -  ResidentSetSize of job (KB)
...
006 (1286.000.000) 10/21 21:03:57 Image size of job updated: 254480
	249  -  MemoryUsage of job (MB)
	254480  -  ResidentSetSize of job (KB)
...
006 (1286.000.000) 10/21 21:08:58 Image size of job updated: 255216
	250  -  MemoryUsage of job (MB)
	255216  -  ResidentSetSize of job (KB)
...
006 (1286.000.000) 10/21 21:24:00 Image size of job updated: 259080
	254  -  MemoryUsage of job (MB)
	259080  -  ResidentSetSize of job (KB)
...
006 (1286.000.000) 10/21 21:39:01 Image size of job updated: 264000
	258  -  MemoryUsage of job (MB)
	264000  -  ResidentSetSize of job (KB)
...
006 (1286.000.000) 10/21 22:04:04 Image size of job updated: 264728
	259  -  MemoryUsage of job (MB)
	264728  -  ResidentSetSize of job (KB)
...
006 (1286.000.000) 10/21 22:14:05 Image size of job updated: 266428
	261  -  MemoryUsage of job (MB)
	266428  -  ResidentSetSize of job (KB)
...
006 (1286.000.000) 10/21 22:19:06 Image size of job updated: 267804
	262  -  MemoryUsage of job (MB)
	267804  -  ResidentSetSize of job (KB)
...
006 (1286.000.000) 10/21 22:24:06 Image size of job updated: 267872
	262  -  MemoryUsage of job (MB)
	267872  -  ResidentSetSize of job (KB)
...
006 (1286.000.000) 10/21 22:34:07 Image size of job updated: 270276
	264  -  MemoryUsage of job (MB)
	270276  -  ResidentSetSize of job (KB)
...
006 (1286.000.000) 10/21 22:39:07 Image size of job updated: 270992
	265  -  MemoryUsage of job (MB)
	270992  -  ResidentSetSize of job (KB)
...
006 (1286.000.000) 10/21 22:44:07 Image size of job updated: 271328
	265  -  MemoryUsage of job (MB)
	271328  -  ResidentSetSize of job (KB)
...
006 (1286.000.000) 10/21 22:49:08 Image size of job updated: 272524
	267  -  MemoryUsage of job (MB)
	272524  -  ResidentSetSize of job (KB)
...
006 (1286.000.000) 10/21 22:54:09 Image size of job updated: 273284
	267  -  MemoryUsage of job (MB)
	273284  -  ResidentSetSize of job (KB)
...
006 (1286.000.000) 10/21 22:59:09 Image size of job updated: 274168
	268  -  MemoryUsage of job (MB)
	274168  -  ResidentSetSize of job (KB)
...
006 (1286.000.000) 10/21 23:04:10 Image size of job updated: 275612
	270  -  MemoryUsage of job (MB)
	275612  -  ResidentSetSize of job (KB)
...
006 (1286.000.000) 10/21 23:09:11 Image size of job updated: 276144
	270  -  MemoryUsage of job (MB)
	276144  -  ResidentSetSize of job (KB)
...
006 (1286.000.000) 10/21 23:14:11 Image size of job updated: 276480
	270  -  MemoryUsage of job (MB)
	276480  -  ResidentSetSize of job (KB)
...
006 (1286.000.000) 10/21 23:19:11 Image size of job updated: 277356
	271  -  MemoryUsage of job (MB)
	277356  -  ResidentSetSize of job (KB)
...
006 (1286.000.000) 10/21 23:34:12 Image size of job updated: 279148
	273  -  MemoryUsage of job (MB)
	279148  -  ResidentSetSize of job (KB)
...
006 (1286.000.000) 10/21 23:39:13 Image size of job updated: 280192
	274  -  MemoryUsage of job (MB)
	280192  -  ResidentSetSize of job (KB)
...
006 (1286.000.000) 10/21 23:54:14 Image size of job updated: 280920
	275  -  MemoryUsage of job (MB)
	280920  -  ResidentSetSize of job (KB)
...
006 (1286.000.000) 10/22 00:04:15 Image size of job updated: 282488
	276  -  MemoryUsage of job (MB)
	282488  -  ResidentSetSize of job (KB)
...
006 (1286.000.000) 10/22 00:09:15 Image size of job updated: 282528
	276  -  MemoryUsage of job (MB)
	282528  -  ResidentSetSize of job (KB)
...
006 (1286.000.000) 10/22 00:14:16 Image size of job updated: 283324
	277  -  MemoryUsage of job (MB)
	283324  -  ResidentSetSize of job (KB)
...
006 (1286.000.000) 10/22 00:19:17 Image size of job updated: 284356
	278  -  MemoryUsage of job (MB)
	284356  -  ResidentSetSize of job (KB)
...
006 (1286.000.000) 10/22 00:24:17 Image size of job updated: 284912
	279  -  MemoryUsage of job (MB)
	284912  -  ResidentSetSize of job (KB)
...
005 (1286.000.000) 10/22 00:26:53 Job terminated.
	(1) Normal termination (return value 0)
		Usr 0 06:18:19, Sys 0 00:00:02  -  Run Remote Usage
		Usr 0 00:00:00, Sys 0 00:00:00  -  Run Local Usage
		Usr 0 06:18:19, Sys 0 00:00:02  -  Total Remote Usage
		Usr 0 00:00:00, Sys 0 00:00:00  -  Total Local Usage
	0  -  Run Bytes Sent By Job
	0  -  Run Bytes Received By Job
	0  -  Total Bytes Sent By Job
	0  -  Total Bytes Received By Job
	Partitionable Resources :    Usage  Request Allocated
	   Cpus                 :                 1         1
	   Disk (KB)            :        1        1    152706
	   Memory (MB)          :      279     1024      1024
...
