500 564 383 500 4.44 0.0
1000 990 720 1000 15.91 0.0
1500 1450 1093 1500 25.11 0.0
2000 1862 1442 2000 24.29 0.0
2500 2206 1761 2500 10.76 0.0
3000 2544 2090 3000 5.24 0.0
3500 2822 2380 3500 2.56 0.0
4000 3100 2658 4000 1.88 0.0
4500 3373 2973 4500 2.1 0.0
5000 3655 3295 5000 2.4 0.0
5500 3926 3605 5500 2.67 0.0
6000 4182 3869 6000 3.0 0.0
6500 4464 4188 6500 3.34 0.0
7000 4692 4453 7000 3.71 0.0
7500 4934 4728 7500 4.08 0.0
8000 5125 4962 8000 4.47 0.0
8500 5365 5230 8500 4.88 0.0
9000 5590 5485 9000 5.27 0.0
9500 5801 5733 9500 5.63 0.0
10000 6003 5978 10000 6.08 0.0
10500 6236 6243 10500 6.56 0.0
11000 6423 6497 11000 6.91 0.0
11500 6655 6774 11500 7.42 0.0
12000 6831 7008 12000 7.79 0.0
12500 7049 7256 12500 8.25 0.0
13000 7258 7523 13000 8.78 0.0
13500 7460 7764 13500 9.26 0.0
14000 7665 8015 14000 9.77 0.0
14500 7819 8218 14500 10.25 0.0
15000 8046 8481 15000 10.71 0.0
15500 8266 8791 15500 11.26 0.0
16000 8481 9057 16000 11.93 0.0
16500 8714 9311 16500 12.56 0.0
17000 8925 9576 17000 13.17 0.0
17500 9151 9846 17500 13.62 0.0
18000 9347 10115 18000 14.29 0.0
18500 9533 10353 18500 14.67 0.0
19000 9717 10606 19000 15.2 0.0
19500 9895 10846 19500 16.05 0.0
20000 10081 11086 20000 16.68 0.0
20500 10261 11332 20500 17.27 0.0
21000 10441 11578 21000 17.64 0.0
21500 10611 11805 21500 18.44 0.0
22000 10795 12053 22000 18.9 0.0
22500 10993 12301 22500 19.57 0.0
23000 11190 12553 23000 20.31 0.0
23500 11364 12787 23500 20.96 0.0
24000 11523 12999 24000 21.65 0.0
24500 11680 13203 24500 22.26 0.0
25000 11872 13436 25000 23.24 0.0
25500 12015 13659 25500 23.57 0.0
26000 12195 13901 26000 24.29 0.0
26500 12364 14140 26500 25.43 0.0
27000 12505 14328 27000 25.64 0.0
27500 12681 14569 27500 26.79 0.0
28000 12846 14776 28000 27.09 0.0
28500 12992 14980 28500 28.25 0.0
29000 13161 15183 29000 28.71 0.0
29500 13335 15421 29500 29.25 0.0
30000 13509 15654 30000 30.38 0.0
30500 13672 15865 30500 31.02 0.0
31000 13813 16083 31000 31.82 0.0
31500 14005 16334 31500 32.29 0.0
32000 14167 16592 32000 33.17 0.0
32500 14328 16826 32500 34.51 0.0
33000 14504 17073 33000 35.01 0.0
33500 14661 17301 33500 35.62 0.0
34000 14828 17518 34000 36.64 0.0
34500 14984 17750 34500 37.48 0.0
35000 15138 17985 35000 38.26 0.0
35500 15309 18223 35500 39.01 0.0
36000 15459 18423 36000 39.68 0.0
36500 15607 18613 36500 40.62 0.0
37000 15752 18781 37000 41.05 0.0
37500 15917 19023 37500 41.96 0.0
38000 16065 19229 38000 43.33 0.0
38500 16235 19457 38500 44.15 0.0
39000 16370 19647 39000 44.79 0.0
39500 16499 19837 39500 45.44 0.0
40000 16648 20053 40000 46.34 0.0
40500 16780 20251 40500 47.84 0.0
41000 16930 20482 41000 48.35 0.0
41500 17078 20700 41500 48.82 0.0
42000 17216 20903 42000 49.64 0.0
42500 17365 21111 42500 51.17 0.0
43000 17516 21345 43000 51.99 0.0
43500 17653 21552 43500 52.97 0.0
44000 17815 21778 44000 53.42 0.0
44500 17975 21992 44500 54.76 0.0
45000 18123 22207 45000 56.32 0.0
45500 18266 22419 45500 57.26 0.0
46000 18427 22642 46000 57.09 0.0
46500 18581 22849 46500 58.6 0.0
47000 18719 23059 47000 59.45 0.0
47500 18875 23297 47500 60.4 0.0
48000 19023 23512 48000 61.63 0.0
48500 19170 23726 48500 63.31 0.0
49000 19325 23937 49000 63.06 0.0
49500 19461 24161 49500 64.63 0.0
50000 19621 24374 50000 66.16 0.0
50500 19751 24564 50500 66.48 0.0
51000 19902 24785 51000 67.05 0.0
51500 20024 24983 51500 71.73 0.0
52000 20199 25207 52000 69.4 0.0
52500 20320 25423 52500 71.1 0.0
53000 20473 25654 53000 72.02 0.0
53500 20641 25884 53500 74.38 0.0
54000 20789 26096 54000 74.56 0.0
54500 20918 26288 54500 76.08 0.0
55000 21069 26512 55000 77.82 0.0
55500 21177 26701 55500 76.74 0.0
56000 21286 26886 56000 78.99 0.0
56500 21404 27083 56500 81.67 0.0
57000 21511 27272 57000 82.05 0.0
57500 21622 27470 57500 81.86 0.0
58000 21774 27690 58000 83.41 0.0
58500 21910 27912 58500 82.9 0.0
59000 22040 28109 59000 86.22 0.0
59500 22167 28297 59500 87.9 0.0
60000 22276 28471 60000 87.96 0.0
60500 22403 28636 60500 88.84 0.0
61000 22521 28810 61000 88.98 0.0
61500 22642 29016 61500 94.04 0.0
62000 22725 29143 62000 92.56 0.0
62500 22809 29300 62500 93.39 0.0
63000 22896 29444 63000 93.55 0.0
63500 23006 29609 63500 95.3 0.0
64000 23127 29789 64000 96.78 0.0
64500 23235 29964 64500 98.54 0.0
65000 23337 30119 65000 100.44 0.0
65500 23469 30315 65500 99.59 0.0
66000 23599 30564 66000 101.06 0.0
66500 23701 30769 66500 103.45 0.0
67000 23818 30954 67000 104.8 0.0
67500 23934 31123 67500 106.81 0.0
68000 24021 31272 68000 106.25 0.0
68500 24141 31442 68500 109.03 0.0
69000 24278 31663 69000 109.31 0.0
69500 24391 31842 69500 113.44 0.0
70000 24498 32007 70000 110.52 0.0
70500 24609 32187 70500 114.91 0.0
71000 24719 32359 71000 113.09 0.0
71500 24837 32522 71500 114.33 0.0
72000 24960 32736 72000 117.38 0.0
72500 25103 32952 72500 121.07 0.0
73000 25208 33117 73000 118.04 0.0
73500 25314 33276 73500 122.09 0.0
74000 25441 33470 74000 125.93 0.0
74500 25581 33683 74500 121.53 0.0
75000 25692 33902 75000 125.26 0.0
75500 25816 34110 75500 126.69 0.0
76000 25938 34296 76000 124.98 0.0
76500 26041 34479 76500 131.16 0.0
77000 26147 34648 77000 130.84 0.0
77500 26245 34828 77500 131.73 0.0
78000 26346 35010 78000 133.09 0.0
78500 26445 35184 78500 133.0 0.0
79000 26548 35359 79000 137.24 0.0
79500 26690 35565 79500 135.91 0.0
80000 26796 35724 80000 137.02 0.0
80500 26902 35906 80500 141.63 0.0
81000 26998 36060 81000 141.05 0.0
81500 27103 36219 81500 144.13 0.0
82000 27214 36387 82000 141.15 0.0
82500 27340 36567 82500 148.98 0.0
83000 27447 36730 83000 147.23 0.0
83500 27556 36889 83500 145.54 0.0
84000 27639 37049 84000 147.12 0.0
84500 27762 37215 84500 150.31 0.0
85000 27903 37404 85000 151.76 0.0
85500 28032 37623 85500 153.6 0.0
86000 28149 37816 86000 153.94 0.0
86500 28295 38015 86500 156.44 0.0
87000 28394 38182 87000 159.97 0.0
87500 28527 38365 87500 162.31 0.0
88000 28646 38594 88000 159.27 0.0
88500 28761 38786 88500 164.41 0.0
89000 28881 38991 89000 163.77 0.0
89500 28993 39181 89500 163.13 0.0
90000 29089 39341 90000 166.83 0.0
90500 29235 39541 90500 166.92 0.0
91000 29355 39730 91000 170.54 0.0
91500 29475 39911 91500 172.38 0.0
92000 29585 40101 92000 170.75 0.0
92500 29688 40254 92500 177.05 0.0
93000 29818 40432 93000 174.65 0.0
93500 29940 40623 93500 176.63 0.0
94000 30073 40831 94000 178.03 0.0
94500 30188 41011 94500 178.54 0.0
95000 30287 41177 95000 182.98 0.0
95500 30390 41345 95500 183.94 0.0
96000 30523 41539 96000 185.92 0.0
96500 30631 41724 96500 184.84 0.0
97000 30732 41890 97000 194.89 0.0
97500 30841 42063 97500 191.35 0.0
98000 30928 42230 98000 191.79 0.0
98500 31011 42371 98500 193.14 0.0
99000 31140 42552 99000 195.68 0.0
99500 31233 42723 99500 198.92 0.0
100000 31318 42868 100000 198.58 0.0
100500 31431 43075 100500 203.57 0.0
101000 31537 43259 101000 198.98 0.0
101500 31621 43430 101500 208.93 0.0
102000 31736 43591 102000 210.01 0.0
102500 31838 43759 102500 210.18 0.0
103000 31942 43920 103000 208.22 0.0
103500 32043 44086 103500 212.13 0.0
104000 32144 44248 104000 213.51 0.0
104500 32253 44427 104500 213.88 0.0
105000 32359 44634 105000 220.83 0.0
105500 32486 44851 105500 216.8 0.0
106000 32591 45028 106000 218.87 0.0
106500 32694 45212 106500 222.94 0.0
107000 32791 45366 107000 225.92 0.0
107500 32915 45563 107500 227.42 0.0
108000 33008 45753 108000 223.99 0.0
108500 33125 45967 108500 231.63 0.0
109000 33233 46128 109000 233.9 0.0
109500 33331 46287 109500 232.79 0.0
110000 33412 46425 110000 235.31 0.0
