500 564 383 500 11.83 0.0
1000 990 720 1000 81.74 0.0
1500 1450 1093 1500 255.5 0.0
2000 1862 1442 2000 505.47 0.0
2500 2206 1761 2500 776.51 0.0
3000 2544 2090 3000 1058.2 0.0
3500 2822 2380 3500 1364.14 0.0
4000 3100 2658 4000 1718.57 0.0
4500 3373 2973 4500 2162.6 0.0
5000 3655 3295 5000 2644.05 0.0
5500 3926 3605 5500 3135.66 0.0
6000 4182 3869 6000 3672.4 0.0
6500 4464 4188 6500 4144.18 0.0
7000 4692 4453 7000 4554.26 0.0
7500 4934 4728 7500 4990.23 0.0
8000 5125 4962 8000 5401.69 0.0
8500 5365 5230 8500 5860.2 0.0
9000 5590 5485 9000 6293.98 0.0
9500 5801 5733 9500 6699.18 0.0
10000 6003 5978 10000 7056.64 0.0
10500 6236 6243 10500 7385.07 0.0
11000 6423 6497 11000 7712.39 0.0
