1000 11 14 23 0.0400000000001 0.0
2000 30 38 58 0.41 0.0
3000 19 30 38 0.33 0.0
4000 33 54 86 1.35 0.0
5000 65 115 211 5.49 0.0
6000 43 85 170 4.48 0.0
7000 49 101 214 7.66 0.0
8000 64 144 365 16.58 0.0
9000 72 165 392 23.5 0.0
10000 64 150 318 20.12 0.0
11000 158 378 775 131.69 0.0
12000 165 410 799 151.34 0.0
13000 191 485 962 240.27 0.0
14000 149 386 821 169.38 0.0
15000 160 422 944 223.65 0.0
16000 156 436 946 234.76 0.0
17000 155 440 932 250.23 0.0
18000 155 460 914 256.82 0.0
19000 147 451 938 271.64 0.0
20000 159 504 1029 350.81 0.0
21000 169 552 1156 503.81 0.0
22000 198 658 1371 737.54 0.0
23000 210 713 1477 898.02 0.0
24000 191 664 1401 794.68 0.0
25000 215 759 1580 1080.3 0.0
26000 207 757 1618 1087.89 0.0
27000 186 694 1483 908.32 0.0
28000 227 866 1819 1466.74 0.0
29000 173 669 1474 896.19 0.0
30000 167 656 1444 883.83 0.0
31000 172 687 1537 1016.93 0.0
32000 175 716 1575 1097.78 0.0
33000 190 789 1766 1415.69 0.0
34000 190 799 1796 1487.67 0.0
35000 237 1005 2201 2403.36 0.0
36000 187 806 1810 1557.2 0.0
37000 244 1060 2344 2838.49 0.0
38000 189 842 1859 1697.96 0.0
