greedy done in:  194.966635942
greedy done in:  228.945441008
greedy done in:  250.265664816
lower ub 0.000992063492063 7 days, 0:00:00
lower ub 0.000496031746032 7 days, 0:00:00
lower ub 0.000248015873016 7 days, 0:00:00
highter lb 0.000124007936508 7 days, 0:00:00
highter lb 0.000186011904762 7 days, 0:00:00
highter lb 0.000217013888889 7 days, 0:00:00
lower ub 0.000232514880952 7 days, 0:00:00
highter lb 0.000224764384921 7 days, 0:00:00
lower ub 0.000228639632937 7 days, 0:00:00
lower ub 0.000226702008929 7 days, 0:00:00
lower ub 0.000992063492063 7 days, 0:00:00
lower ub 0.000496031746032 7 days, 0:00:00
lower ub 0.000248015873016 7 days, 0:00:00
lower ub 0.000124007936508 7 days, 0:00:00
lower ub 6.2003968254e-05 7 days, 0:00:00
lower ub 3.1001984127e-05 7 days, 0:00:00
lower ub 1.55009920635e-05 7 days, 0:00:00
lower ub 7.75049603175e-06 7 days, 0:00:00
highter lb 3.87524801587e-06 7 days, 0:00:00
lower ub 5.81287202381e-06 7 days, 0:00:00
binary done in:  2456.25532293
lower ub 0.000992063492063 7 days, 0:00:00
lower ub 0.000496031746032 7 days, 0:00:00
lower ub 0.000248015873016 7 days, 0:00:00
highter lb 0.000124007936508 7 days, 0:00:00
highter lb 0.000186011904762 7 days, 0:00:00
highter lb 0.000217013888889 7 days, 0:00:00
lower ub 0.000232514880952 7 days, 0:00:00
highter lb 0.000224764384921 7 days, 0:00:00
lower ub 0.000228639632937 7 days, 0:00:00
lower ub 0.000226702008929 7 days, 0:00:00
lower ub 0.000992063492063 7 days, 0:00:00
lower ub 0.000496031746032 7 days, 0:00:00
lower ub 0.000248015873016 7 days, 0:00:00
lower ub 0.000124007936508 7 days, 0:00:00
lower ub 6.2003968254e-05 7 days, 0:00:00
lower ub 3.1001984127e-05 7 days, 0:00:00
lower ub 1.55009920635e-05 7 days, 0:00:00
lower ub 7.75049603175e-06 7 days, 0:00:00
highter lb 3.87524801587e-06 7 days, 0:00:00
lower ub 5.81287202381e-06 7 days, 0:00:00
binary done in:  2506.22131705
lower ub 0.000992063492063 7 days, 0:00:00
lower ub 0.000496031746032 7 days, 0:00:00
lower ub 0.000248015873016 7 days, 0:00:00
highter lb 0.000124007936508 7 days, 0:00:00
highter lb 0.000186011904762 7 days, 0:00:00
highter lb 0.000217013888889 7 days, 0:00:00
lower ub 0.000232514880952 7 days, 0:00:00
highter lb 0.000224764384921 7 days, 0:00:00
lower ub 0.000228639632937 7 days, 0:00:00
lower ub 0.000226702008929 7 days, 0:00:00
lower ub 0.000992063492063 7 days, 0:00:00
lower ub 0.000496031746032 7 days, 0:00:00
lower ub 0.000248015873016 7 days, 0:00:00
lower ub 0.000124007936508 7 days, 0:00:00
highter lb 6.2003968254e-05 7 days, 0:00:00
highter lb 9.3005952381e-05 7 days, 0:00:00
lower ub 0.000108506944444 7 days, 0:00:00
highter lb 0.000100756448413 7 days, 0:00:00
lower ub 0.000104631696429 7 days, 0:00:00
lower ub 0.000102694072421 7 days, 0:00:00
lower ub 0.000992063492063 7 days, 0:00:00
lower ub 0.000496031746032 7 days, 0:00:00
lower ub 0.000248015873016 7 days, 0:00:00
lower ub 0.000124007936508 7 days, 0:00:00
lower ub 6.2003968254e-05 7 days, 0:00:00
lower ub 3.1001984127e-05 7 days, 0:00:00
lower ub 1.55009920635e-05 7 days, 0:00:00
lower ub 7.75049603175e-06 7 days, 0:00:00
lower ub 3.87524801587e-06 7 days, 0:00:00
highter lb 1.93762400794e-06 7 days, 0:00:00
binary done in:  2828.1169281
lower ub 0.000992063492063 7 days, 0:00:00
lower ub 0.000496031746032 7 days, 0:00:00
lower ub 0.000248015873016 7 days, 0:00:00
highter lb 0.000124007936508 7 days, 0:00:00
highter lb 0.000186011904762 7 days, 0:00:00
highter lb 0.000217013888889 7 days, 0:00:00
lower ub 0.000232514880952 7 days, 0:00:00
highter lb 0.000224764384921 7 days, 0:00:00
lower ub 0.000228639632937 7 days, 0:00:00
lower ub 0.000226702008929 7 days, 0:00:00
lower ub 0.000992063492063 7 days, 0:00:00
lower ub 0.000496031746032 7 days, 0:00:00
lower ub 0.000248015873016 7 days, 0:00:00
lower ub 0.000124007936508 7 days, 0:00:00
highter lb 6.2003968254e-05 7 days, 0:00:00
highter lb 9.3005952381e-05 7 days, 0:00:00
lower ub 0.000108506944444 7 days, 0:00:00
lower ub 0.000100756448413 7 days, 0:00:00
highter lb 9.68812003968e-05 7 days, 0:00:00
lower ub 9.88188244048e-05 7 days, 0:00:00
lower ub 0.000992063492063 7 days, 0:00:00
lower ub 0.000496031746032 7 days, 0:00:00
lower ub 0.000248015873016 7 days, 0:00:00
lower ub 0.000124007936508 7 days, 0:00:00
lower ub 6.2003968254e-05 7 days, 0:00:00
lower ub 3.1001984127e-05 7 days, 0:00:00
lower ub 1.55009920635e-05 7 days, 0:00:00
lower ub 7.75049603175e-06 7 days, 0:00:00
lower ub 3.87524801587e-06 7 days, 0:00:00
highter lb 1.93762400794e-06 7 days, 0:00:00
binary done in:  2892.12261701
lower ub 0.000992063492063 7 days, 0:00:00
lower ub 0.000496031746032 7 days, 0:00:00
lower ub 0.000248015873016 7 days, 0:00:00
highter lb 0.000124007936508 7 days, 0:00:00
highter lb 0.000186011904762 7 days, 0:00:00
lower ub 0.000217013888889 7 days, 0:00:00
highter lb 0.000201512896825 7 days, 0:00:00
lower ub 0.000209263392857 7 days, 0:00:00
lower ub 0.000205388144841 7 days, 0:00:00
highter lb 0.000203450520833 7 days, 0:00:00
lower ub 0.000992063492063 7 days, 0:00:00
lower ub 0.000496031746032 7 days, 0:00:00
lower ub 0.000248015873016 7 days, 0:00:00
highter lb 0.000124007936508 7 days, 0:00:00
lower ub 0.000186011904762 7 days, 0:00:00
lower ub 0.000155009920635 7 days, 0:00:00
highter lb 0.000139508928571 7 days, 0:00:00
lower ub 0.000147259424603 7 days, 0:00:00
highter lb 0.000143384176587 7 days, 0:00:00
highter lb 0.000145321800595 7 days, 0:00:00
lower ub 0.000992063492063 7 days, 0:00:00
lower ub 0.000496031746032 7 days, 0:00:00
lower ub 0.000248015873016 7 days, 0:00:00
highter lb 0.000124007936508 7 days, 0:00:00
lower ub 0.000186011904762 7 days, 0:00:00
lower ub 0.000155009920635 7 days, 0:00:00
lower ub 0.000139508928571 7 days, 0:00:00
lower ub 0.00013175843254 7 days, 0:00:00
lower ub 0.000127883184524 7 days, 0:00:00
highter lb 0.000125945560516 7 days, 0:00:00
lower ub 0.000992063492063 7 days, 0:00:00
lower ub 0.000496031746032 7 days, 0:00:00
lower ub 0.000248015873016 7 days, 0:00:00
highter lb 0.000124007936508 7 days, 0:00:00
lower ub 0.000186011904762 7 days, 0:00:00
lower ub 0.000155009920635 7 days, 0:00:00
lower ub 0.000139508928571 7 days, 0:00:00
lower ub 0.00013175843254 7 days, 0:00:00
lower ub 0.000127883184524 7 days, 0:00:00
lower ub 0.000125945560516 7 days, 0:00:00
lower ub 0.000992063492063 7 days, 0:00:00
lower ub 0.000496031746032 7 days, 0:00:00
lower ub 0.000248015873016 7 days, 0:00:00
highter lb 0.000124007936508 7 days, 0:00:00
lower ub 0.000186011904762 7 days, 0:00:00
lower ub 0.000155009920635 7 days, 0:00:00
lower ub 0.000139508928571 7 days, 0:00:00
lower ub 0.00013175843254 7 days, 0:00:00
lower ub 0.000127883184524 7 days, 0:00:00
lower ub 0.000125945560516 7 days, 0:00:00
binary done in:  17166.8704379
lower ub 0.000992063492063 7 days, 0:00:00
lower ub 0.000496031746032 7 days, 0:00:00
lower ub 0.000248015873016 7 days, 0:00:00
highter lb 0.000124007936508 7 days, 0:00:00
highter lb 0.000186011904762 7 days, 0:00:00
lower ub 0.000217013888889 7 days, 0:00:00
lower ub 0.000201512896825 7 days, 0:00:00
highter lb 0.000193762400794 7 days, 0:00:00
highter lb 0.00019763764881 7 days, 0:00:00
highter lb 0.000199575272817 7 days, 0:00:00
lower ub 0.000992063492063 7 days, 0:00:00
lower ub 0.000496031746032 7 days, 0:00:00
lower ub 0.000248015873016 7 days, 0:00:00
highter lb 0.000124007936508 7 days, 0:00:00
lower ub 0.000186011904762 7 days, 0:00:00
lower ub 0.000155009920635 7 days, 0:00:00
highter lb 0.000139508928571 7 days, 0:00:00
lower ub 0.000147259424603 7 days, 0:00:00
highter lb 0.000143384176587 7 days, 0:00:00
highter lb 0.000145321800595 7 days, 0:00:00
lower ub 0.000992063492063 7 days, 0:00:00
lower ub 0.000496031746032 7 days, 0:00:00
lower ub 0.000248015873016 7 days, 0:00:00
highter lb 0.000124007936508 7 days, 0:00:00
lower ub 0.000186011904762 7 days, 0:00:00
lower ub 0.000155009920635 7 days, 0:00:00
lower ub 0.000139508928571 7 days, 0:00:00
lower ub 0.00013175843254 7 days, 0:00:00
lower ub 0.000127883184524 7 days, 0:00:00
highter lb 0.000125945560516 7 days, 0:00:00
lower ub 0.000992063492063 7 days, 0:00:00
lower ub 0.000496031746032 7 days, 0:00:00
lower ub 0.000248015873016 7 days, 0:00:00
highter lb 0.000124007936508 7 days, 0:00:00
lower ub 0.000186011904762 7 days, 0:00:00
lower ub 0.000155009920635 7 days, 0:00:00
lower ub 0.000139508928571 7 days, 0:00:00
lower ub 0.00013175843254 7 days, 0:00:00
lower ub 0.000127883184524 7 days, 0:00:00
lower ub 0.000125945560516 7 days, 0:00:00
lower ub 0.000992063492063 7 days, 0:00:00
lower ub 0.000496031746032 7 days, 0:00:00
lower ub 0.000248015873016 7 days, 0:00:00
highter lb 0.000124007936508 7 days, 0:00:00
lower ub 0.000186011904762 7 days, 0:00:00
lower ub 0.000155009920635 7 days, 0:00:00
lower ub 0.000139508928571 7 days, 0:00:00
lower ub 0.00013175843254 7 days, 0:00:00
lower ub 0.000127883184524 7 days, 0:00:00
lower ub 0.000125945560516 7 days, 0:00:00
binary done in:  17404.3680592
lower ub 0.000992063492063 7 days, 0:00:00
lower ub 0.000496031746032 7 days, 0:00:00
lower ub 0.000248015873016 7 days, 0:00:00
highter lb 0.000124007936508 7 days, 0:00:00
highter lb 0.000186011904762 7 days, 0:00:00
lower ub 0.000217013888889 7 days, 0:00:00
highter lb 0.000201512896825 7 days, 0:00:00
lower ub 0.000209263392857 7 days, 0:00:00
lower ub 0.000205388144841 7 days, 0:00:00
highter lb 0.000203450520833 7 days, 0:00:00
lower ub 0.000992063492063 7 days, 0:00:00
lower ub 0.000496031746032 7 days, 0:00:00
lower ub 0.000248015873016 7 days, 0:00:00
highter lb 0.000124007936508 7 days, 0:00:00
lower ub 0.000186011904762 7 days, 0:00:00
lower ub 0.000155009920635 7 days, 0:00:00
highter lb 0.000139508928571 7 days, 0:00:00
lower ub 0.000147259424603 7 days, 0:00:00
highter lb 0.000143384176587 7 days, 0:00:00
highter lb 0.000145321800595 7 days, 0:00:00
lower ub 0.000992063492063 7 days, 0:00:00
lower ub 0.000496031746032 7 days, 0:00:00
lower ub 0.000248015873016 7 days, 0:00:00
highter lb 0.000124007936508 7 days, 0:00:00
lower ub 0.000186011904762 7 days, 0:00:00
lower ub 0.000155009920635 7 days, 0:00:00
lower ub 0.000139508928571 7 days, 0:00:00
lower ub 0.00013175843254 7 days, 0:00:00
lower ub 0.000127883184524 7 days, 0:00:00
highter lb 0.000125945560516 7 days, 0:00:00
lower ub 0.000992063492063 7 days, 0:00:00
lower ub 0.000496031746032 7 days, 0:00:00
lower ub 0.000248015873016 7 days, 0:00:00
highter lb 0.000124007936508 7 days, 0:00:00
lower ub 0.000186011904762 7 days, 0:00:00
lower ub 0.000155009920635 7 days, 0:00:00
lower ub 0.000139508928571 7 days, 0:00:00
lower ub 0.00013175843254 7 days, 0:00:00
lower ub 0.000127883184524 7 days, 0:00:00
lower ub 0.000125945560516 7 days, 0:00:00
lower ub 0.000992063492063 7 days, 0:00:00
lower ub 0.000496031746032 7 days, 0:00:00
lower ub 0.000248015873016 7 days, 0:00:00
highter lb 0.000124007936508 7 days, 0:00:00
lower ub 0.000186011904762 7 days, 0:00:00
lower ub 0.000155009920635 7 days, 0:00:00
lower ub 0.000139508928571 7 days, 0:00:00
lower ub 0.00013175843254 7 days, 0:00:00
lower ub 0.000127883184524 7 days, 0:00:00
lower ub 0.000125945560516 7 days, 0:00:00
binary done in:  17395.524873
lower ub 0.000992063492063 7 days, 0:00:00
lower ub 0.000496031746032 7 days, 0:00:00
lower ub 0.000248015873016 7 days, 0:00:00
highter lb 0.000124007936508 7 days, 0:00:00
highter lb 0.000186011904762 7 days, 0:00:00
lower ub 0.000217013888889 7 days, 0:00:00
lower ub 0.000201512896825 7 days, 0:00:00
highter lb 0.000193762400794 7 days, 0:00:00
highter lb 0.00019763764881 7 days, 0:00:00
highter lb 0.000199575272817 7 days, 0:00:00
lower ub 0.000992063492063 7 days, 0:00:00
lower ub 0.000496031746032 7 days, 0:00:00
lower ub 0.000248015873016 7 days, 0:00:00
highter lb 0.000124007936508 7 days, 0:00:00
lower ub 0.000186011904762 7 days, 0:00:00
lower ub 0.000155009920635 7 days, 0:00:00
highter lb 0.000139508928571 7 days, 0:00:00
lower ub 0.000147259424603 7 days, 0:00:00
lower ub 0.000143384176587 7 days, 0:00:00
lower ub 0.000141446552579 7 days, 0:00:00
lower ub 0.000992063492063 7 days, 0:00:00
lower ub 0.000496031746032 7 days, 0:00:00
lower ub 0.000248015873016 7 days, 0:00:00
lower ub 0.000124007936508 7 days, 0:00:00
highter lb 6.2003968254e-05 7 days, 0:00:00
highter lb 9.3005952381e-05 7 days, 0:00:00
highter lb 0.000108506944444 7 days, 0:00:00
lower ub 0.000116257440476 7 days, 0:00:00
highter lb 0.00011238219246 7 days, 0:00:00
lower ub 0.000114319816468 7 days, 0:00:00
lower ub 0.000992063492063 7 days, 0:00:00
lower ub 0.000496031746032 7 days, 0:00:00
lower ub 0.000248015873016 7 days, 0:00:00
lower ub 0.000124007936508 7 days, 0:00:00
highter lb 6.2003968254e-05 7 days, 0:00:00
highter lb 9.3005952381e-05 7 days, 0:00:00
highter lb 0.000108506944444 7 days, 0:00:00
lower ub 0.000116257440476 7 days, 0:00:00
highter lb 0.00011238219246 7 days, 0:00:00
lower ub 0.000114319816468 7 days, 0:00:00
lower ub 0.000992063492063 7 days, 0:00:00
lower ub 0.000496031746032 7 days, 0:00:00
lower ub 0.000248015873016 7 days, 0:00:00
lower ub 0.000124007936508 7 days, 0:00:00
highter lb 6.2003968254e-05 7 days, 0:00:00
highter lb 9.3005952381e-05 7 days, 0:00:00
lower ub 0.000108506944444 7 days, 0:00:00
highter lb 0.000100756448413 7 days, 0:00:00
highter lb 0.000104631696429 7 days, 0:00:00
highter lb 0.000106569320437 7 days, 0:00:00
lower ub 0.000992063492063 7 days, 0:00:00
lower ub 0.000496031746032 7 days, 0:00:00
lower ub 0.000248015873016 7 days, 0:00:00
lower ub 0.000124007936508 7 days, 0:00:00
highter lb 6.2003968254e-05 7 days, 0:00:00
highter lb 9.3005952381e-05 7 days, 0:00:00
lower ub 0.000108506944444 7 days, 0:00:00
highter lb 0.000100756448413 7 days, 0:00:00
highter lb 0.000104631696429 7 days, 0:00:00
highter lb 0.000106569320437 7 days, 0:00:00
binary done in:  17588.4334309
lower ub 0.000992063492063 7 days, 0:00:00
lower ub 0.000496031746032 7 days, 0:00:00
lower ub 0.000248015873016 7 days, 0:00:00
highter lb 0.000124007936508 7 days, 0:00:00
highter lb 0.000186011904762 7 days, 0:00:00
lower ub 0.000217013888889 7 days, 0:00:00
lower ub 0.000201512896825 7 days, 0:00:00
highter lb 0.000193762400794 7 days, 0:00:00
highter lb 0.00019763764881 7 days, 0:00:00
highter lb 0.000199575272817 7 days, 0:00:00
lower ub 0.000992063492063 7 days, 0:00:00
lower ub 0.000496031746032 7 days, 0:00:00
lower ub 0.000248015873016 7 days, 0:00:00
highter lb 0.000124007936508 7 days, 0:00:00
lower ub 0.000186011904762 7 days, 0:00:00
lower ub 0.000155009920635 7 days, 0:00:00
highter lb 0.000139508928571 7 days, 0:00:00
lower ub 0.000147259424603 7 days, 0:00:00
lower ub 0.000143384176587 7 days, 0:00:00
lower ub 0.000141446552579 7 days, 0:00:00
lower ub 0.000992063492063 7 days, 0:00:00
lower ub 0.000496031746032 7 days, 0:00:00
lower ub 0.000248015873016 7 days, 0:00:00
lower ub 0.000124007936508 7 days, 0:00:00
highter lb 6.2003968254e-05 7 days, 0:00:00
highter lb 9.3005952381e-05 7 days, 0:00:00
highter lb 0.000108506944444 7 days, 0:00:00
lower ub 0.000116257440476 7 days, 0:00:00
highter lb 0.00011238219246 7 days, 0:00:00
lower ub 0.000114319816468 7 days, 0:00:00
lower ub 0.000992063492063 7 days, 0:00:00
lower ub 0.000496031746032 7 days, 0:00:00
lower ub 0.000248015873016 7 days, 0:00:00
lower ub 0.000124007936508 7 days, 0:00:00
highter lb 6.2003968254e-05 7 days, 0:00:00
highter lb 9.3005952381e-05 7 days, 0:00:00
highter lb 0.000108506944444 7 days, 0:00:00
lower ub 0.000116257440476 7 days, 0:00:00
highter lb 0.00011238219246 7 days, 0:00:00
lower ub 0.000114319816468 7 days, 0:00:00
lower ub 0.000992063492063 7 days, 0:00:00
lower ub 0.000496031746032 7 days, 0:00:00
lower ub 0.000248015873016 7 days, 0:00:00
lower ub 0.000124007936508 7 days, 0:00:00
highter lb 6.2003968254e-05 7 days, 0:00:00
highter lb 9.3005952381e-05 7 days, 0:00:00
lower ub 0.000108506944444 7 days, 0:00:00
highter lb 0.000100756448413 7 days, 0:00:00
highter lb 0.000104631696429 7 days, 0:00:00
highter lb 0.000106569320437 7 days, 0:00:00
lower ub 0.000992063492063 7 days, 0:00:00
lower ub 0.000496031746032 7 days, 0:00:00
lower ub 0.000248015873016 7 days, 0:00:00
lower ub 0.000124007936508 7 days, 0:00:00
highter lb 6.2003968254e-05 7 days, 0:00:00
highter lb 9.3005952381e-05 7 days, 0:00:00
lower ub 0.000108506944444 7 days, 0:00:00
highter lb 0.000100756448413 7 days, 0:00:00
highter lb 0.000104631696429 7 days, 0:00:00
highter lb 0.000106569320437 7 days, 0:00:00
binary done in:  18383.287734
lower ub 0.000992063492063 7 days, 0:00:00
lower ub 0.000496031746032 7 days, 0:00:00
lower ub 0.000248015873016 7 days, 0:00:00
highter lb 0.000124007936508 7 days, 0:00:00
highter lb 0.000186011904762 7 days, 0:00:00
lower ub 0.000217013888889 7 days, 0:00:00
lower ub 0.000201512896825 7 days, 0:00:00
highter lb 0.000193762400794 7 days, 0:00:00
highter lb 0.00019763764881 7 days, 0:00:00
highter lb 0.000199575272817 7 days, 0:00:00
lower ub 0.000992063492063 7 days, 0:00:00
lower ub 0.000496031746032 7 days, 0:00:00
lower ub 0.000248015873016 7 days, 0:00:00
highter lb 0.000124007936508 7 days, 0:00:00
lower ub 0.000186011904762 7 days, 0:00:00
lower ub 0.000155009920635 7 days, 0:00:00
highter lb 0.000139508928571 7 days, 0:00:00
lower ub 0.000147259424603 7 days, 0:00:00
highter lb 0.000143384176587 7 days, 0:00:00
highter lb 0.000145321800595 7 days, 0:00:00
lower ub 0.000992063492063 7 days, 0:00:00
lower ub 0.000496031746032 7 days, 0:00:00
lower ub 0.000248015873016 7 days, 0:00:00
highter lb 0.000124007936508 7 days, 0:00:00
lower ub 0.000186011904762 7 days, 0:00:00
lower ub 0.000155009920635 7 days, 0:00:00
lower ub 0.000139508928571 7 days, 0:00:00
highter lb 0.00013175843254 7 days, 0:00:00
lower ub 0.000135633680556 7 days, 0:00:00
lower ub 0.000133696056548 7 days, 0:00:00
lower ub 0.000992063492063 7 days, 0:00:00
lower ub 0.000496031746032 7 days, 0:00:00
lower ub 0.000248015873016 7 days, 0:00:00
lower ub 0.000124007936508 7 days, 0:00:00
highter lb 6.2003968254e-05 7 days, 0:00:00
lower ub 9.3005952381e-05 7 days, 0:00:00
highter lb 7.75049603175e-05 7 days, 0:00:00
highter lb 8.52554563492e-05 7 days, 0:00:00
lower ub 8.91307043651e-05 7 days, 0:00:00
lower ub 8.71930803571e-05 7 days, 0:00:00
lower ub 0.000992063492063 7 days, 0:00:00
lower ub 0.000496031746032 7 days, 0:00:00
lower ub 0.000248015873016 7 days, 0:00:00
lower ub 0.000124007936508 7 days, 0:00:00
highter lb 6.2003968254e-05 7 days, 0:00:00
lower ub 9.3005952381e-05 7 days, 0:00:00
highter lb 7.75049603175e-05 7 days, 0:00:00
highter lb 8.52554563492e-05 7 days, 0:00:00
lower ub 8.91307043651e-05 7 days, 0:00:00
lower ub 8.71930803571e-05 7 days, 0:00:00
lower ub 0.000992063492063 7 days, 0:00:00
lower ub 0.000496031746032 7 days, 0:00:00
lower ub 0.000248015873016 7 days, 0:00:00
lower ub 0.000124007936508 7 days, 0:00:00
highter lb 6.2003968254e-05 7 days, 0:00:00
lower ub 9.3005952381e-05 7 days, 0:00:00
highter lb 7.75049603175e-05 7 days, 0:00:00
highter lb 8.52554563492e-05 7 days, 0:00:00
lower ub 8.91307043651e-05 7 days, 0:00:00
lower ub 8.71930803571e-05 7 days, 0:00:00
lower ub 0.000992063492063 7 days, 0:00:00
lower ub 0.000496031746032 7 days, 0:00:00
lower ub 0.000248015873016 7 days, 0:00:00
lower ub 0.000124007936508 7 days, 0:00:00
highter lb 6.2003968254e-05 7 days, 0:00:00
lower ub 9.3005952381e-05 7 days, 0:00:00
highter lb 7.75049603175e-05 7 days, 0:00:00
highter lb 8.52554563492e-05 7 days, 0:00:00
lower ub 8.91307043651e-05 7 days, 0:00:00
lower ub 8.71930803571e-05 7 days, 0:00:00
binary done in:  18570.7975678
